Using pre-set license
Built from '2020.3/staging' branch; Version is '2020.3.3f1 (76626098c1c4) revision 7758432'; Using compiler version '192528614'; Build Type 'Release'
OS: 'Windows 10 Home; OS build 19041.1237; Version 2004; 64bit' Language: 'fr' Physical Memory: 16343 MB
BatchMode: 1, IsHumanControllingUs: 0, StartBugReporterOnCrash: 0, Is64bit: 1, IsPro: 0

 COMMAND LINE ARGUMENTS:
D:\Unity\2020.3.3f1\Editor\Unity.exe
-adb2
-batchMode
-noUpm
-name
AssetImportWorker1
-projectPath
D:/Unity/Mergearth
-logFile
Logs/AssetImportWorker1.log
-srvPort
60060
Successfully changed project path to: D:/Unity/Mergearth
D:/Unity/Mergearth
Using Asset Import Pipeline V2.
Refreshing native plugins compatible for Editor in 85.26 ms, found 1 plugins.
Preloading 0 native plugins for Editor in 0.00 ms.
Initialize engine version: 2020.3.3f1 (76626098c1c4)
[Subsystems] Discovering subsystems at path D:/Unity/2020.3.3f1/Editor/Data/Resources/UnitySubsystems
[Subsystems] Discovering subsystems at path D:/Unity/Mergearth/Assets
GfxDevice: creating device client; threaded=0
Direct3D:
    Version:  Direct3D 11.0 [level 11.1]
    Renderer: NVIDIA GeForce GTX 970 (ID=0x13c2)
    Vendor:   
    VRAM:     4043 MB
    Driver:   27.21.14.5671
Initialize mono
Mono path[0] = 'D:/Unity/2020.3.3f1/Editor/Data/Managed'
Mono path[1] = 'D:/Unity/2020.3.3f1/Editor/Data/MonoBleedingEdge/lib/mono/unityjit'
Mono config path = 'D:/Unity/2020.3.3f1/Editor/Data/MonoBleedingEdge/etc'
Using monoOptions --debugger-agent=transport=dt_socket,embedding=1,server=y,suspend=n,address=127.0.0.1:56812
Begin MonoManager ReloadAssembly
Registering precompiled unity dll's ...
Register platform support module: D:/Unity/2020.3.3f1/Editor/Data/PlaybackEngines/WebGLSupport/UnityEditor.WebGL.Extensions.dll
Register platform support module: D:/Unity/2020.3.3f1/Editor/Data/PlaybackEngines/WindowsStandaloneSupport/UnityEditor.WindowsStandalone.Extensions.dll
Registered in 0.003043 seconds.
Native extension for WindowsStandalone target not found
Native extension for WebGL target not found
Refreshing native plugins compatible for Editor in 88.37 ms, found 1 plugins.
Preloading 0 native plugins for Editor in 0.00 ms.
Invoked RoslynAnalysisRunner static constructor.
RoslynAnalysisRunner will not be running.
RoslynAnalysisRunner has terminated.
Mono: successfully reloaded assembly
- Completed reload, in  2.325 seconds
Platform modules already initialized, skipping
Registering precompiled user dll's ...
Registered in 0.002828 seconds.
Begin MonoManager ReloadAssembly
Native extension for WindowsStandalone target not found
Native extension for WebGL target not found
Refreshing native plugins compatible for Editor in 73.99 ms, found 1 plugins.
Preloading 0 native plugins for Editor in 0.00 ms.
Invoked RoslynAnalysisRunner static constructor.
RoslynAnalysisRunner will not be running.
RoslynAnalysisRunner has terminated.
Mono: successfully reloaded assembly
- Completed reload, in  1.906 seconds
Platform modules already initialized, skipping
========================================================================
Worker process is ready to serve import requests
Launched and connected shader compiler UnityShaderCompiler.exe after 0.07 seconds
Refreshing native plugins compatible for Editor in 0.54 ms, found 1 plugins.
Preloading 0 native plugins for Editor in 0.00 ms.
Unloading 1849 Unused Serialized files (Serialized files now loaded: 0)
System memory in use before: 87.8 MB.
System memory in use after: 87.8 MB.

Unloading 24 unused Assets to reduce memory usage. Loaded Objects now: 2293.
Total: 3.283600 ms (FindLiveObjects: 0.265300 ms CreateObjectMapping: 0.108000 ms MarkObjects: 2.696900 ms  DeleteObjects: 0.211400 ms)

========================================================================
Received Import Request.
  path: Assets/Scripts/Managers/Constants.cs
  artifactKey: Guid(8e676b0272c050040972495241dfea00) Importer(815301076,1909f56bfc062723c751e8b465ee728b)
Start importing Assets/Scripts/Managers/Constants.cs using Guid(8e676b0272c050040972495241dfea00) Importer(815301076,1909f56bfc062723c751e8b465ee728b)  -> (artifact id: '75f6baeda81e21bd3b6506e1d42934f2') in 0.048595 seconds
  Import took 0.058198 seconds .

========================================================================
Received Prepare
Registering precompiled user dll's ...
Registered in 0.002003 seconds.
Begin MonoManager ReloadAssembly
Native extension for WindowsStandalone target not found
Native extension for WebGL target not found
Refreshing native plugins compatible for Editor in 0.66 ms, found 1 plugins.
Preloading 0 native plugins for Editor in 0.00 ms.
Invoked RoslynAnalysisRunner static constructor.
RoslynAnalysisRunner will not be running.
RoslynAnalysisRunner has terminated.
Mono: successfully reloaded assembly
- Completed reload, in  1.601 seconds
Platform modules already initialized, skipping
Refreshing native plugins compatible for Editor in 0.55 ms, found 1 plugins.
Preloading 0 native plugins for Editor in 0.00 ms.
Unloading 1831 Unused Serialized files (Serialized files now loaded: 0)
System memory in use before: 86.5 MB.
System memory in use after: 86.5 MB.

Unloading 12 unused Assets to reduce memory usage. Loaded Objects now: 2297.
Total: 3.060800 ms (FindLiveObjects: 0.249100 ms CreateObjectMapping: 0.094700 ms MarkObjects: 2.565700 ms  DeleteObjects: 0.146100 ms)

========================================================================
Received Import Request.
  Time since last request: 4078.135836 seconds.
  path: Assets/Scripts/Managers/Constants.cs
  artifactKey: Guid(8e676b0272c050040972495241dfea00) Importer(815301076,1909f56bfc062723c751e8b465ee728b)
Start importing Assets/Scripts/Managers/Constants.cs using Guid(8e676b0272c050040972495241dfea00) Importer(815301076,1909f56bfc062723c751e8b465ee728b)  -> (artifact id: '0e39a91f02bdbc076d106ac4cbc09d30') in 0.006360 seconds
  Import took 0.010479 seconds .

========================================================================
Received Import Request.
  Time since last request: 1.278556 seconds.
  path: Assets/ScriptableObjects/ItemSO.cs
  artifactKey: Guid(5e1e13a5221390c4b9eea21a9ba048de) Importer(815301076,1909f56bfc062723c751e8b465ee728b)
Start importing Assets/ScriptableObjects/ItemSO.cs using Guid(5e1e13a5221390c4b9eea21a9ba048de) Importer(815301076,1909f56bfc062723c751e8b465ee728b)  -> (artifact id: 'e38dea2557dd7b61ecf3c1bebfc13fbf') in 0.003326 seconds
  Import took 0.013560 seconds .

========================================================================
Received Prepare
Registering precompiled user dll's ...
Registered in 0.001845 seconds.
Begin MonoManager ReloadAssembly
Native extension for WindowsStandalone target not found
Native extension for WebGL target not found
Refreshing native plugins compatible for Editor in 0.54 ms, found 1 plugins.
Preloading 0 native plugins for Editor in 0.00 ms.
Invoked RoslynAnalysisRunner static constructor.
RoslynAnalysisRunner will not be running.
RoslynAnalysisRunner has terminated.
Mono: successfully reloaded assembly
- Completed reload, in  1.435 seconds
Platform modules already initialized, skipping
Refreshing native plugins compatible for Editor in 0.66 ms, found 1 plugins.
Preloading 0 native plugins for Editor in 0.00 ms.
Unloading 1831 Unused Serialized files (Serialized files now loaded: 0)
System memory in use before: 86.5 MB.
System memory in use after: 86.5 MB.

Unloading 12 unused Assets to reduce memory usage. Loaded Objects now: 2301.
Total: 3.911000 ms (FindLiveObjects: 0.262600 ms CreateObjectMapping: 0.107200 ms MarkObjects: 3.370300 ms  DeleteObjects: 0.169000 ms)

========================================================================
Received Import Request.
  Time since last request: 18.394592 seconds.
  path: Assets/ScriptableObjects/ItemSO.cs
  artifactKey: Guid(5e1e13a5221390c4b9eea21a9ba048de) Importer(815301076,1909f56bfc062723c751e8b465ee728b)
Start importing Assets/ScriptableObjects/ItemSO.cs using Guid(5e1e13a5221390c4b9eea21a9ba048de) Importer(815301076,1909f56bfc062723c751e8b465ee728b)  -> (artifact id: '2397adabe08f202b4988c16454cae1f6') in 0.006300 seconds
  Import took 0.015930 seconds .

========================================================================
Received Import Request.
  Time since last request: 1.595516 seconds.
  path: Assets/ScriptableObjects/HealPotion.asset
  artifactKey: Guid(2cf31bab3af318240be491d3edae3fd5) Importer(815301076,1909f56bfc062723c751e8b465ee728b)
Start importing Assets/ScriptableObjects/HealPotion.asset using Guid(2cf31bab3af318240be491d3edae3fd5) Importer(815301076,1909f56bfc062723c751e8b465ee728b)  -> (artifact id: '96c5f2fced72361d27ed85857df82e94') in 0.021378 seconds
  Import took 0.030673 seconds .

========================================================================
Received Import Request.
  Time since last request: 232.482763 seconds.
  path: Assets/Prefabs/Environment/GameCanvas.prefab
  artifactKey: Guid(6509aecf24462e642bca0e826a67543b) Importer(815301076,1909f56bfc062723c751e8b465ee728b)
Start importing Assets/Prefabs/Environment/GameCanvas.prefab using Guid(6509aecf24462e642bca0e826a67543b) Importer(815301076,1909f56bfc062723c751e8b465ee728b)  -> (artifact id: '239e33a0d0eea4c2790316386f99456a') in 0.174261 seconds
  Import took 0.179763 seconds .

========================================================================
Received Import Request.
  Time since last request: 17.512122 seconds.
  path: Assets/Prefabs/Menus/ItemButton.prefab
  artifactKey: Guid(75d77f4b4e3ba724baafaaa2bd925ab8) Importer(815301076,1909f56bfc062723c751e8b465ee728b)
Start importing Assets/Prefabs/Menus/ItemButton.prefab using Guid(75d77f4b4e3ba724baafaaa2bd925ab8) Importer(815301076,1909f56bfc062723c751e8b465ee728b)  -> (artifact id: 'adbea1822d23dbde232e8d4753117cac') in 0.042865 seconds
  Import took 0.047295 seconds .

========================================================================
Received Import Request.
  Time since last request: 26.039157 seconds.
  path: Assets/Prefabs/Environment/GameCanvas.prefab
  artifactKey: Guid(6509aecf24462e642bca0e826a67543b) Importer(815301076,1909f56bfc062723c751e8b465ee728b)
Start importing Assets/Prefabs/Environment/GameCanvas.prefab using Guid(6509aecf24462e642bca0e826a67543b) Importer(815301076,1909f56bfc062723c751e8b465ee728b)  -> (artifact id: '35f0cf1b82c6164e2917bd711dbfaecd') in 0.049408 seconds
  Import took 0.055712 seconds .

========================================================================
Received Import Request.
  Time since last request: 15.941445 seconds.
  path: Assets/Prefabs/Menus/ItemButton.prefab
  artifactKey: Guid(75d77f4b4e3ba724baafaaa2bd925ab8) Importer(815301076,1909f56bfc062723c751e8b465ee728b)
Start importing Assets/Prefabs/Menus/ItemButton.prefab using Guid(75d77f4b4e3ba724baafaaa2bd925ab8) Importer(815301076,1909f56bfc062723c751e8b465ee728b)  -> (artifact id: '769e456837da889a844bf78f173aa4ae') in 0.035753 seconds
  Import took 0.040922 seconds .

========================================================================
Received Import Request.
  Time since last request: 86.902794 seconds.
  path: Assets/Prefabs/Environment/GameCanvas.prefab
  artifactKey: Guid(6509aecf24462e642bca0e826a67543b) Importer(815301076,1909f56bfc062723c751e8b465ee728b)
Start importing Assets/Prefabs/Environment/GameCanvas.prefab using Guid(6509aecf24462e642bca0e826a67543b) Importer(815301076,1909f56bfc062723c751e8b465ee728b)  -> (artifact id: '7b8596cc3f6c5f949964fd7d3da2d630') in 0.050288 seconds
  Import took 0.056018 seconds .

========================================================================
Received Import Request.
  Time since last request: 52.405702 seconds.
  path: Assets/Prefabs/Menus/ItemButton.prefab
  artifactKey: Guid(75d77f4b4e3ba724baafaaa2bd925ab8) Importer(815301076,1909f56bfc062723c751e8b465ee728b)
Start importing Assets/Prefabs/Menus/ItemButton.prefab using Guid(75d77f4b4e3ba724baafaaa2bd925ab8) Importer(815301076,1909f56bfc062723c751e8b465ee728b)  -> (artifact id: '907995ebb5bb133657bac90eb863a7f7') in 0.036566 seconds
  Import took 0.040989 seconds .

========================================================================
Received Import Request.
  Time since last request: 18.827988 seconds.
  path: Assets/Prefabs/Environment/Grid.prefab
  artifactKey: Guid(caba2c03a9d3c854da9e1b5483de7e56) Importer(815301076,1909f56bfc062723c751e8b465ee728b)
Start importing Assets/Prefabs/Environment/Grid.prefab using Guid(caba2c03a9d3c854da9e1b5483de7e56) Importer(815301076,1909f56bfc062723c751e8b465ee728b)  -> (artifact id: '92c31b225943126c1e98ecaf5ffae671') in 0.006583 seconds
  Import took 0.011698 seconds .

========================================================================
Received Import Request.
  Time since last request: 0.611974 seconds.
  path: Assets/Prefabs/Environment/GameCanvas.prefab
  artifactKey: Guid(6509aecf24462e642bca0e826a67543b) Importer(815301076,1909f56bfc062723c751e8b465ee728b)
Start importing Assets/Prefabs/Environment/GameCanvas.prefab using Guid(6509aecf24462e642bca0e826a67543b) Importer(815301076,1909f56bfc062723c751e8b465ee728b)  -> (artifact id: '8a8afcacce9ec5d8f0862e1665c3bff1') in 0.049823 seconds
  Import took 0.054874 seconds .

========================================================================
Received Import Request.
  Time since last request: 0.007772 seconds.
  path: Assets/Prefabs/Environment/GameCanvas.prefab
  artifactKey: Guid(6509aecf24462e642bca0e826a67543b) Importer(815301076,1909f56bfc062723c751e8b465ee728b)
Start importing Assets/Prefabs/Environment/GameCanvas.prefab using Guid(6509aecf24462e642bca0e826a67543b) Importer(815301076,1909f56bfc062723c751e8b465ee728b)  -> (artifact id: '8a8afcacce9ec5d8f0862e1665c3bff1') in 0.053468 seconds
  Import took 0.058109 seconds .

========================================================================
Received Import Request.
  Time since last request: 9.414905 seconds.
  path: Assets/Prefabs/Menus/ItemButton.prefab
  artifactKey: Guid(75d77f4b4e3ba724baafaaa2bd925ab8) Importer(815301076,1909f56bfc062723c751e8b465ee728b)
Start importing Assets/Prefabs/Menus/ItemButton.prefab using Guid(75d77f4b4e3ba724baafaaa2bd925ab8) Importer(815301076,1909f56bfc062723c751e8b465ee728b)  -> (artifact id: 'ae15381dfa9b1e84453c94190fa368eb') in 0.037172 seconds
  Import took 0.042376 seconds .

========================================================================
Received Import Request.
  Time since last request: 20.091218 seconds.
  path: Assets/Prefabs/Environment/GameCanvas.prefab
  artifactKey: Guid(6509aecf24462e642bca0e826a67543b) Importer(815301076,1909f56bfc062723c751e8b465ee728b)
Start importing Assets/Prefabs/Environment/GameCanvas.prefab using Guid(6509aecf24462e642bca0e826a67543b) Importer(815301076,1909f56bfc062723c751e8b465ee728b)  -> (artifact id: 'f6c11aae52b8a4112dc17a52ca0f2e21') in 0.052179 seconds
  Import took 0.056969 seconds .

========================================================================
Received Import Request.
  Time since last request: 40.981092 seconds.
  path: Assets/Prefabs/Menus/ItemButton.prefab
  artifactKey: Guid(75d77f4b4e3ba724baafaaa2bd925ab8) Importer(815301076,1909f56bfc062723c751e8b465ee728b)
Start importing Assets/Prefabs/Menus/ItemButton.prefab using Guid(75d77f4b4e3ba724baafaaa2bd925ab8) Importer(815301076,1909f56bfc062723c751e8b465ee728b)  -> (artifact id: '30172dec48dd08ff2851f2f443c876e3') in 0.036316 seconds
  Import took 0.040826 seconds .

========================================================================
Received Import Request.
  Time since last request: 21.387233 seconds.
  path: Assets/Prefabs/Environment/GameCanvas.prefab
  artifactKey: Guid(6509aecf24462e642bca0e826a67543b) Importer(815301076,1909f56bfc062723c751e8b465ee728b)
Start importing Assets/Prefabs/Environment/GameCanvas.prefab using Guid(6509aecf24462e642bca0e826a67543b) Importer(815301076,1909f56bfc062723c751e8b465ee728b)  -> (artifact id: 'cf2482d8bdaed680a984927f99f31166') in 0.056268 seconds
  Import took 0.067198 seconds .

========================================================================
Received Prepare
Registering precompiled user dll's ...
Registered in 0.001647 seconds.
Begin MonoManager ReloadAssembly
Native extension for WindowsStandalone target not found
Native extension for WebGL target not found
Refreshing native plugins compatible for Editor in 0.54 ms, found 1 plugins.
Preloading 0 native plugins for Editor in 0.00 ms.
Invoked RoslynAnalysisRunner static constructor.
RoslynAnalysisRunner will not be running.
RoslynAnalysisRunner has terminated.
Mono: successfully reloaded assembly
- Completed reload, in  1.435 seconds
Platform modules already initialized, skipping
Refreshing native plugins compatible for Editor in 0.55 ms, found 1 plugins.
Preloading 0 native plugins for Editor in 0.00 ms.
Unloading 1831 Unused Serialized files (Serialized files now loaded: 0)
System memory in use before: 86.7 MB.
System memory in use after: 86.7 MB.

Unloading 13 unused Assets to reduce memory usage. Loaded Objects now: 2305.
Total: 2.999100 ms (FindLiveObjects: 0.244500 ms CreateObjectMapping: 0.107900 ms MarkObjects: 2.474000 ms  DeleteObjects: 0.171100 ms)

========================================================================
Received Prepare
Registering precompiled user dll's ...
Registered in 0.001605 seconds.
Begin MonoManager ReloadAssembly
Native extension for WindowsStandalone target not found
Native extension for WebGL target not found
Refreshing native plugins compatible for Editor in 0.55 ms, found 1 plugins.
Preloading 0 native plugins for Editor in 0.00 ms.
Invoked RoslynAnalysisRunner static constructor.
RoslynAnalysisRunner will not be running.
RoslynAnalysisRunner has terminated.
Mono: successfully reloaded assembly
- Completed reload, in  1.419 seconds
Platform modules already initialized, skipping
Refreshing native plugins compatible for Editor in 0.59 ms, found 1 plugins.
Preloading 0 native plugins for Editor in 0.00 ms.
Unloading 1831 Unused Serialized files (Serialized files now loaded: 0)
System memory in use before: 86.8 MB.
System memory in use after: 86.7 MB.

Unloading 12 unused Assets to reduce memory usage. Loaded Objects now: 2309.
Total: 3.242200 ms (FindLiveObjects: 0.242800 ms CreateObjectMapping: 0.130600 ms MarkObjects: 2.715100 ms  DeleteObjects: 0.152000 ms)

========================================================================
Received Prepare
Registering precompiled user dll's ...
Registered in 0.001617 seconds.
Begin MonoManager ReloadAssembly
Native extension for WindowsStandalone target not found
Native extension for WebGL target not found
Refreshing native plugins compatible for Editor in 0.55 ms, found 1 plugins.
Preloading 0 native plugins for Editor in 0.00 ms.
Invoked RoslynAnalysisRunner static constructor.
RoslynAnalysisRunner will not be running.
RoslynAnalysisRunner has terminated.
Mono: successfully reloaded assembly
- Completed reload, in  1.413 seconds
Platform modules already initialized, skipping
Refreshing native plugins compatible for Editor in 0.55 ms, found 1 plugins.
Preloading 0 native plugins for Editor in 0.00 ms.
Unloading 1831 Unused Serialized files (Serialized files now loaded: 0)
System memory in use before: 86.8 MB.
System memory in use after: 86.7 MB.

Unloading 12 unused Assets to reduce memory usage. Loaded Objects now: 2313.
Total: 3.488600 ms (FindLiveObjects: 0.260700 ms CreateObjectMapping: 0.107900 ms MarkObjects: 2.940900 ms  DeleteObjects: 0.176800 ms)

========================================================================
Received Prepare
Registering precompiled user dll's ...
Registered in 0.001474 seconds.
Begin MonoManager ReloadAssembly
Native extension for WindowsStandalone target not found
Native extension for WebGL target not found
Refreshing native plugins compatible for Editor in 0.65 ms, found 1 plugins.
Preloading 0 native plugins for Editor in 0.00 ms.
Invoked RoslynAnalysisRunner static constructor.
RoslynAnalysisRunner will not be running.
RoslynAnalysisRunner has terminated.
Mono: successfully reloaded assembly
- Completed reload, in  1.413 seconds
Platform modules already initialized, skipping
Refreshing native plugins compatible for Editor in 0.55 ms, found 1 plugins.
Preloading 0 native plugins for Editor in 0.00 ms.
Unloading 1831 Unused Serialized files (Serialized files now loaded: 0)
System memory in use before: 86.8 MB.
System memory in use after: 86.8 MB.

Unloading 12 unused Assets to reduce memory usage. Loaded Objects now: 2317.
Total: 3.324400 ms (FindLiveObjects: 0.341100 ms CreateObjectMapping: 0.109500 ms MarkObjects: 2.718800 ms  DeleteObjects: 0.153000 ms)

========================================================================
Received Import Request.
  Time since last request: 345.477631 seconds.
  path: Assets/Prefabs/Menus/ItemButton.prefab
  artifactKey: Guid(75d77f4b4e3ba724baafaaa2bd925ab8) Importer(815301076,1909f56bfc062723c751e8b465ee728b)
Start importing Assets/Prefabs/Menus/ItemButton.prefab using Guid(75d77f4b4e3ba724baafaaa2bd925ab8) Importer(815301076,1909f56bfc062723c751e8b465ee728b)  -> (artifact id: '71b5bf6df069605eb77106aa97ae2d0c') in 0.143149 seconds
  Import took 0.147682 seconds .

========================================================================
Received Prepare
Registering precompiled user dll's ...
Registered in 0.001939 seconds.
Begin MonoManager ReloadAssembly
Native extension for WindowsStandalone target not found
Native extension for WebGL target not found
Refreshing native plugins compatible for Editor in 0.79 ms, found 1 plugins.
Preloading 0 native plugins for Editor in 0.00 ms.
Invoked RoslynAnalysisRunner static constructor.
RoslynAnalysisRunner will not be running.
RoslynAnalysisRunner has terminated.
Mono: successfully reloaded assembly
- Completed reload, in  1.665 seconds
Platform modules already initialized, skipping
Refreshing native plugins compatible for Editor in 0.60 ms, found 1 plugins.
Preloading 0 native plugins for Editor in 0.00 ms.
Unloading 1831 Unused Serialized files (Serialized files now loaded: 0)
System memory in use before: 86.8 MB.
System memory in use after: 86.8 MB.

Unloading 12 unused Assets to reduce memory usage. Loaded Objects now: 2321.
Total: 4.158300 ms (FindLiveObjects: 0.457600 ms CreateObjectMapping: 0.128300 ms MarkObjects: 3.331700 ms  DeleteObjects: 0.238500 ms)

========================================================================
Received Prepare
Registering precompiled user dll's ...
Registered in 0.001478 seconds.
Begin MonoManager ReloadAssembly
Native extension for WindowsStandalone target not found
Native extension for WebGL target not found
Refreshing native plugins compatible for Editor in 0.59 ms, found 1 plugins.
Preloading 0 native plugins for Editor in 0.00 ms.
Invoked RoslynAnalysisRunner static constructor.
RoslynAnalysisRunner will not be running.
RoslynAnalysisRunner has terminated.
Mono: successfully reloaded assembly
- Completed reload, in  1.602 seconds
Platform modules already initialized, skipping
Refreshing native plugins compatible for Editor in 0.68 ms, found 1 plugins.
Preloading 0 native plugins for Editor in 0.00 ms.
Unloading 1831 Unused Serialized files (Serialized files now loaded: 0)
System memory in use before: 86.8 MB.
System memory in use after: 86.8 MB.

Unloading 12 unused Assets to reduce memory usage. Loaded Objects now: 2325.
Total: 3.327000 ms (FindLiveObjects: 0.253700 ms CreateObjectMapping: 0.111300 ms MarkObjects: 2.807900 ms  DeleteObjects: 0.152200 ms)

========================================================================
Received Import Request.
  Time since last request: 62.706441 seconds.
  path: Assets/Prefabs/Environment/GameCanvas.prefab
  artifactKey: Guid(6509aecf24462e642bca0e826a67543b) Importer(815301076,1909f56bfc062723c751e8b465ee728b)
Start importing Assets/Prefabs/Environment/GameCanvas.prefab using Guid(6509aecf24462e642bca0e826a67543b) Importer(815301076,1909f56bfc062723c751e8b465ee728b)  -> (artifact id: 'f2fa890643d4f9b1900741650bdda9f6') in 0.178173 seconds
  Import took 0.182744 seconds .

========================================================================
Received Prepare
Registering precompiled user dll's ...
Registered in 0.001800 seconds.
Begin MonoManager ReloadAssembly
Native extension for WindowsStandalone target not found
Native extension for WebGL target not found
Refreshing native plugins compatible for Editor in 0.75 ms, found 1 plugins.
Preloading 0 native plugins for Editor in 0.00 ms.
Invoked RoslynAnalysisRunner static constructor.
RoslynAnalysisRunner will not be running.
RoslynAnalysisRunner has terminated.
Mono: successfully reloaded assembly
- Completed reload, in  1.382 seconds
Platform modules already initialized, skipping
Refreshing native plugins compatible for Editor in 0.61 ms, found 1 plugins.
Preloading 0 native plugins for Editor in 0.00 ms.
Unloading 1831 Unused Serialized files (Serialized files now loaded: 0)
System memory in use before: 86.8 MB.
System memory in use after: 86.8 MB.

Unloading 13 unused Assets to reduce memory usage. Loaded Objects now: 2329.
Total: 3.381300 ms (FindLiveObjects: 0.251400 ms CreateObjectMapping: 0.101100 ms MarkObjects: 2.823400 ms  DeleteObjects: 0.203500 ms)

========================================================================
Received Prepare
Registering precompiled user dll's ...
Registered in 0.001484 seconds.
Begin MonoManager ReloadAssembly
Native extension for WindowsStandalone target not found
Native extension for WebGL target not found
Refreshing native plugins compatible for Editor in 0.56 ms, found 1 plugins.
Preloading 0 native plugins for Editor in 0.00 ms.
Invoked RoslynAnalysisRunner static constructor.
RoslynAnalysisRunner will not be running.
RoslynAnalysisRunner has terminated.
Mono: successfully reloaded assembly
- Completed reload, in  1.462 seconds
Platform modules already initialized, skipping
Refreshing native plugins compatible for Editor in 0.59 ms, found 1 plugins.
Preloading 0 native plugins for Editor in 0.00 ms.
Unloading 1831 Unused Serialized files (Serialized files now loaded: 0)
System memory in use before: 86.8 MB.
System memory in use after: 86.8 MB.

Unloading 12 unused Assets to reduce memory usage. Loaded Objects now: 2333.
Total: 3.844300 ms (FindLiveObjects: 0.294900 ms CreateObjectMapping: 0.176700 ms MarkObjects: 3.212300 ms  DeleteObjects: 0.158200 ms)

========================================================================
Received Prepare
Registering precompiled user dll's ...
Registered in 0.001521 seconds.
Begin MonoManager ReloadAssembly
Native extension for WindowsStandalone target not found
Native extension for WebGL target not found
Refreshing native plugins compatible for Editor in 0.62 ms, found 1 plugins.
Preloading 0 native plugins for Editor in 0.00 ms.
Invoked RoslynAnalysisRunner static constructor.
RoslynAnalysisRunner will not be running.
RoslynAnalysisRunner has terminated.
Mono: successfully reloaded assembly
- Completed reload, in  1.404 seconds
Platform modules already initialized, skipping
Refreshing native plugins compatible for Editor in 0.58 ms, found 1 plugins.
Preloading 0 native plugins for Editor in 0.00 ms.
Unloading 1831 Unused Serialized files (Serialized files now loaded: 0)
System memory in use before: 86.8 MB.
System memory in use after: 86.8 MB.

Unloading 12 unused Assets to reduce memory usage. Loaded Objects now: 2337.
Total: 3.076500 ms (FindLiveObjects: 0.249300 ms CreateObjectMapping: 0.098500 ms MarkObjects: 2.574200 ms  DeleteObjects: 0.152700 ms)

========================================================================
Received Import Request.
  Time since last request: 564.319049 seconds.
  path: Assets/Prefabs/Environment/GameCanvas.prefab
  artifactKey: Guid(6509aecf24462e642bca0e826a67543b) Importer(815301076,1909f56bfc062723c751e8b465ee728b)
Start importing Assets/Prefabs/Environment/GameCanvas.prefab using Guid(6509aecf24462e642bca0e826a67543b) Importer(815301076,1909f56bfc062723c751e8b465ee728b)  -> (artifact id: '20936d6c294c9ce984b7fd7788da8a13') in 0.178359 seconds
  Import took 0.183244 seconds .

========================================================================
Received Prepare
Registering precompiled user dll's ...
Registered in 0.001563 seconds.
Begin MonoManager ReloadAssembly
Native extension for WindowsStandalone target not found
Native extension for WebGL target not found
Refreshing native plugins compatible for Editor in 0.64 ms, found 1 plugins.
Preloading 0 native plugins for Editor in 0.00 ms.
Invoked RoslynAnalysisRunner static constructor.
RoslynAnalysisRunner will not be running.
RoslynAnalysisRunner has terminated.
Mono: successfully reloaded assembly
- Completed reload, in  1.697 seconds
Platform modules already initialized, skipping
Refreshing native plugins compatible for Editor in 0.68 ms, found 1 plugins.
Preloading 0 native plugins for Editor in 0.00 ms.
Unloading 1831 Unused Serialized files (Serialized files now loaded: 0)
System memory in use before: 86.9 MB.
System memory in use after: 86.8 MB.

Unloading 13 unused Assets to reduce memory usage. Loaded Objects now: 2341.
Total: 3.868500 ms (FindLiveObjects: 0.453900 ms CreateObjectMapping: 0.131400 ms MarkObjects: 3.111400 ms  DeleteObjects: 0.169400 ms)

========================================================================
Received Prepare
Registering precompiled user dll's ...
Registered in 0.001528 seconds.
Begin MonoManager ReloadAssembly
Native extension for WindowsStandalone target not found
Native extension for WebGL target not found
Refreshing native plugins compatible for Editor in 0.54 ms, found 1 plugins.
Preloading 0 native plugins for Editor in 0.00 ms.
Invoked RoslynAnalysisRunner static constructor.
RoslynAnalysisRunner will not be running.
RoslynAnalysisRunner has terminated.
Mono: successfully reloaded assembly
- Completed reload, in  1.409 seconds
Platform modules already initialized, skipping
Refreshing native plugins compatible for Editor in 0.62 ms, found 1 plugins.
Preloading 0 native plugins for Editor in 0.00 ms.
Unloading 1831 Unused Serialized files (Serialized files now loaded: 0)
System memory in use before: 86.9 MB.
System memory in use after: 86.8 MB.

Unloading 12 unused Assets to reduce memory usage. Loaded Objects now: 2345.
Total: 3.135500 ms (FindLiveObjects: 0.263000 ms CreateObjectMapping: 0.096600 ms MarkObjects: 2.590700 ms  DeleteObjects: 0.182300 ms)

========================================================================
Received Import Request.
  Time since last request: 114.592630 seconds.
  path: Assets/Prefabs/Menus/InventoryCanvas.prefab
  artifactKey: Guid(e035e93e0072ed04d91fb9012c4535b7) Importer(815301076,1909f56bfc062723c751e8b465ee728b)
Start importing Assets/Prefabs/Menus/InventoryCanvas.prefab using Guid(e035e93e0072ed04d91fb9012c4535b7) Importer(815301076,1909f56bfc062723c751e8b465ee728b)  -> (artifact id: '99034066d2d9089fdc806aaa17b0b355') in 0.158321 seconds
  Import took 0.162814 seconds .

========================================================================
Received Import Request.
  Time since last request: 34.390572 seconds.
  path: Assets/Prefabs/Environment/GameCanvas.prefab
  artifactKey: Guid(6509aecf24462e642bca0e826a67543b) Importer(815301076,1909f56bfc062723c751e8b465ee728b)
Start importing Assets/Prefabs/Environment/GameCanvas.prefab using Guid(6509aecf24462e642bca0e826a67543b) Importer(815301076,1909f56bfc062723c751e8b465ee728b)  -> (artifact id: '560904698dac5b98d8b2ed128641b1f4') in 0.057166 seconds
  Import took 0.061930 seconds .

========================================================================
Received Import Request.
  Time since last request: 0.011313 seconds.
  path: Assets/Prefabs/Environment/GameCanvas.prefab
  artifactKey: Guid(6509aecf24462e642bca0e826a67543b) Importer(815301076,1909f56bfc062723c751e8b465ee728b)
Start importing Assets/Prefabs/Environment/GameCanvas.prefab using Guid(6509aecf24462e642bca0e826a67543b) Importer(815301076,1909f56bfc062723c751e8b465ee728b)  -> (artifact id: '560904698dac5b98d8b2ed128641b1f4') in 0.049085 seconds
  Import took 0.054510 seconds .

========================================================================
Received Prepare
Registering precompiled user dll's ...
Registered in 0.001547 seconds.
Begin MonoManager ReloadAssembly
Native extension for WindowsStandalone target not found
Native extension for WebGL target not found
Refreshing native plugins compatible for Editor in 0.61 ms, found 1 plugins.
Preloading 0 native plugins for Editor in 0.00 ms.
Invoked RoslynAnalysisRunner static constructor.
RoslynAnalysisRunner will not be running.
RoslynAnalysisRunner has terminated.
Mono: successfully reloaded assembly
- Completed reload, in  1.427 seconds
Platform modules already initialized, skipping
Refreshing native plugins compatible for Editor in 0.75 ms, found 1 plugins.
Preloading 0 native plugins for Editor in 0.00 ms.
Unloading 1831 Unused Serialized files (Serialized files now loaded: 0)
System memory in use before: 86.9 MB.
System memory in use after: 86.8 MB.

Unloading 13 unused Assets to reduce memory usage. Loaded Objects now: 2349.
Total: 3.137800 ms (FindLiveObjects: 0.247100 ms CreateObjectMapping: 0.107200 ms MarkObjects: 2.617000 ms  DeleteObjects: 0.164800 ms)

========================================================================
Received Import Request.
  Time since last request: 93.158252 seconds.
  path: Assets/Prefabs/Environment/GameCanvas.prefab
  artifactKey: Guid(6509aecf24462e642bca0e826a67543b) Importer(815301076,1909f56bfc062723c751e8b465ee728b)
Start importing Assets/Prefabs/Environment/GameCanvas.prefab using Guid(6509aecf24462e642bca0e826a67543b) Importer(815301076,1909f56bfc062723c751e8b465ee728b)  -> (artifact id: 'becfc921fcd2dc51b9e9f55befd0d992') in 0.175522 seconds
  Import took 0.181146 seconds .

========================================================================
Received Prepare
Registering precompiled user dll's ...
Registered in 0.001679 seconds.
Begin MonoManager ReloadAssembly
Native extension for WindowsStandalone target not found
Native extension for WebGL target not found
Refreshing native plugins compatible for Editor in 0.74 ms, found 1 plugins.
Preloading 0 native plugins for Editor in 0.00 ms.
Invoked RoslynAnalysisRunner static constructor.
RoslynAnalysisRunner will not be running.
RoslynAnalysisRunner has terminated.
Mono: successfully reloaded assembly
- Completed reload, in  1.417 seconds
Platform modules already initialized, skipping
Refreshing native plugins compatible for Editor in 0.71 ms, found 1 plugins.
Preloading 0 native plugins for Editor in 0.00 ms.
Unloading 1831 Unused Serialized files (Serialized files now loaded: 0)
System memory in use before: 86.9 MB.
System memory in use after: 86.9 MB.

Unloading 13 unused Assets to reduce memory usage. Loaded Objects now: 2353.
Total: 2.976600 ms (FindLiveObjects: 0.245900 ms CreateObjectMapping: 0.097800 ms MarkObjects: 2.469600 ms  DeleteObjects: 0.161700 ms)

========================================================================
Received Prepare
Registering precompiled user dll's ...
Registered in 0.001619 seconds.
Begin MonoManager ReloadAssembly
Native extension for WindowsStandalone target not found
Native extension for WebGL target not found
Refreshing native plugins compatible for Editor in 0.60 ms, found 1 plugins.
Preloading 0 native plugins for Editor in 0.00 ms.
Invoked RoslynAnalysisRunner static constructor.
RoslynAnalysisRunner will not be running.
RoslynAnalysisRunner has terminated.
Mono: successfully reloaded assembly
- Completed reload, in  1.613 seconds
Platform modules already initialized, skipping
Refreshing native plugins compatible for Editor in 0.57 ms, found 1 plugins.
Preloading 0 native plugins for Editor in 0.00 ms.
Unloading 1831 Unused Serialized files (Serialized files now loaded: 0)
System memory in use before: 86.9 MB.
System memory in use after: 86.9 MB.

Unloading 12 unused Assets to reduce memory usage. Loaded Objects now: 2357.
Total: 3.590000 ms (FindLiveObjects: 0.463200 ms CreateObjectMapping: 0.149100 ms MarkObjects: 2.820500 ms  DeleteObjects: 0.155300 ms)

========================================================================
Received Import Request.
  Time since last request: 120.088362 seconds.
  path: Assets/Prefabs/Environment/GameCanvas.prefab
  artifactKey: Guid(6509aecf24462e642bca0e826a67543b) Importer(815301076,1909f56bfc062723c751e8b465ee728b)
Start importing Assets/Prefabs/Environment/GameCanvas.prefab using Guid(6509aecf24462e642bca0e826a67543b) Importer(815301076,1909f56bfc062723c751e8b465ee728b)  -> (artifact id: 'f5ddf4cedf53245ff5277465a1e2191b') in 0.176023 seconds
  Import took 0.181160 seconds .

========================================================================
Received Prepare
Registering precompiled user dll's ...
Registered in 0.001834 seconds.
Begin MonoManager ReloadAssembly
Native extension for WindowsStandalone target not found
Native extension for WebGL target not found
Refreshing native plugins compatible for Editor in 0.55 ms, found 1 plugins.
Preloading 0 native plugins for Editor in 0.00 ms.
Invoked RoslynAnalysisRunner static constructor.
RoslynAnalysisRunner will not be running.
RoslynAnalysisRunner has terminated.
Mono: successfully reloaded assembly
- Completed reload, in  1.372 seconds
Platform modules already initialized, skipping
Refreshing native plugins compatible for Editor in 0.54 ms, found 1 plugins.
Preloading 0 native plugins for Editor in 0.00 ms.
Unloading 1831 Unused Serialized files (Serialized files now loaded: 0)
System memory in use before: 86.9 MB.
System memory in use after: 86.9 MB.

Unloading 13 unused Assets to reduce memory usage. Loaded Objects now: 2361.
Total: 3.367800 ms (FindLiveObjects: 0.375300 ms CreateObjectMapping: 0.099400 ms MarkObjects: 2.737800 ms  DeleteObjects: 0.153000 ms)

========================================================================
Received Import Request.
  Time since last request: 42.809146 seconds.
  path: Assets/Prefabs/Menus/ItemButton.prefab
  artifactKey: Guid(75d77f4b4e3ba724baafaaa2bd925ab8) Importer(815301076,1909f56bfc062723c751e8b465ee728b)
Start importing Assets/Prefabs/Menus/ItemButton.prefab using Guid(75d77f4b4e3ba724baafaaa2bd925ab8) Importer(815301076,1909f56bfc062723c751e8b465ee728b)  -> (artifact id: 'fc1b6f2180f3185d2e72111a5288f85a') in 0.156737 seconds
  Import took 0.161567 seconds .

========================================================================
Received Import Request.
  Time since last request: 11.220186 seconds.
  path: Assets/Prefabs/Environment/GameCanvas.prefab
  artifactKey: Guid(6509aecf24462e642bca0e826a67543b) Importer(815301076,1909f56bfc062723c751e8b465ee728b)
Start importing Assets/Prefabs/Environment/GameCanvas.prefab using Guid(6509aecf24462e642bca0e826a67543b) Importer(815301076,1909f56bfc062723c751e8b465ee728b)  -> (artifact id: '0cfe7687f197045fea6b83d230ebcf2d') in 0.085621 seconds
  Import took 0.090665 seconds .

========================================================================
Received Prepare
Registering precompiled user dll's ...
Registered in 0.001571 seconds.
Begin MonoManager ReloadAssembly
Native extension for WindowsStandalone target not found
Native extension for WebGL target not found
Refreshing native plugins compatible for Editor in 0.56 ms, found 1 plugins.
Preloading 0 native plugins for Editor in 0.00 ms.
Invoked RoslynAnalysisRunner static constructor.
RoslynAnalysisRunner will not be running.
RoslynAnalysisRunner has terminated.
Mono: successfully reloaded assembly
- Completed reload, in  1.322 seconds
Platform modules already initialized, skipping
Refreshing native plugins compatible for Editor in 0.57 ms, found 1 plugins.
Preloading 0 native plugins for Editor in 0.00 ms.
Unloading 1831 Unused Serialized files (Serialized files now loaded: 0)
System memory in use before: 86.9 MB.
System memory in use after: 86.9 MB.

Unloading 13 unused Assets to reduce memory usage. Loaded Objects now: 2365.
Total: 3.297900 ms (FindLiveObjects: 0.288800 ms CreateObjectMapping: 0.094200 ms MarkObjects: 2.745400 ms  DeleteObjects: 0.166900 ms)

========================================================================
Received Prepare
Registering precompiled user dll's ...
Registered in 0.001656 seconds.
Begin MonoManager ReloadAssembly
Native extension for WindowsStandalone target not found
Native extension for WebGL target not found
Refreshing native plugins compatible for Editor in 0.60 ms, found 1 plugins.
Preloading 0 native plugins for Editor in 0.00 ms.
Invoked RoslynAnalysisRunner static constructor.
RoslynAnalysisRunner will not be running.
RoslynAnalysisRunner has terminated.
Mono: successfully reloaded assembly
- Completed reload, in  1.361 seconds
Platform modules already initialized, skipping
Refreshing native plugins compatible for Editor in 0.73 ms, found 1 plugins.
Preloading 0 native plugins for Editor in 0.00 ms.
Unloading 1831 Unused Serialized files (Serialized files now loaded: 0)
System memory in use before: 86.9 MB.
System memory in use after: 86.9 MB.

Unloading 12 unused Assets to reduce memory usage. Loaded Objects now: 2369.
Total: 3.444100 ms (FindLiveObjects: 0.339600 ms CreateObjectMapping: 0.121800 ms MarkObjects: 2.822500 ms  DeleteObjects: 0.158500 ms)

========================================================================
Received Prepare
Registering precompiled user dll's ...
Registered in 0.001566 seconds.
Begin MonoManager ReloadAssembly
Native extension for WindowsStandalone target not found
Native extension for WebGL target not found
Refreshing native plugins compatible for Editor in 0.56 ms, found 1 plugins.
Preloading 0 native plugins for Editor in 0.00 ms.
Invoked RoslynAnalysisRunner static constructor.
RoslynAnalysisRunner will not be running.
RoslynAnalysisRunner has terminated.
Mono: successfully reloaded assembly
- Completed reload, in  1.399 seconds
Platform modules already initialized, skipping
Refreshing native plugins compatible for Editor in 0.76 ms, found 1 plugins.
Preloading 0 native plugins for Editor in 0.00 ms.
Unloading 1831 Unused Serialized files (Serialized files now loaded: 0)
System memory in use before: 86.9 MB.
System memory in use after: 86.9 MB.

Unloading 12 unused Assets to reduce memory usage. Loaded Objects now: 2373.
Total: 3.203000 ms (FindLiveObjects: 0.270500 ms CreateObjectMapping: 0.109200 ms MarkObjects: 2.670900 ms  DeleteObjects: 0.150300 ms)

========================================================================
Received Import Request.
  Time since last request: 123.107979 seconds.
  path: Assets/Prefabs/Environment/GameCanvas.prefab
  artifactKey: Guid(6509aecf24462e642bca0e826a67543b) Importer(815301076,1909f56bfc062723c751e8b465ee728b)
Start importing Assets/Prefabs/Environment/GameCanvas.prefab using Guid(6509aecf24462e642bca0e826a67543b) Importer(815301076,1909f56bfc062723c751e8b465ee728b)  -> (artifact id: '42d412af4348df6eb6bbd64c2f05ebc6') in 0.172509 seconds
  Import took 0.177148 seconds .

========================================================================
Received Prepare
Registering precompiled user dll's ...
Registered in 0.001760 seconds.
Begin MonoManager ReloadAssembly
Native extension for WindowsStandalone target not found
Native extension for WebGL target not found
Refreshing native plugins compatible for Editor in 0.58 ms, found 1 plugins.
Preloading 0 native plugins for Editor in 0.00 ms.
Invoked RoslynAnalysisRunner static constructor.
RoslynAnalysisRunner will not be running.
RoslynAnalysisRunner has terminated.
Mono: successfully reloaded assembly
- Completed reload, in  1.361 seconds
Platform modules already initialized, skipping
Refreshing native plugins compatible for Editor in 0.58 ms, found 1 plugins.
Preloading 0 native plugins for Editor in 0.00 ms.
Unloading 1831 Unused Serialized files (Serialized files now loaded: 0)
System memory in use before: 87.0 MB.
System memory in use after: 87.0 MB.

Unloading 13 unused Assets to reduce memory usage. Loaded Objects now: 2377.
Total: 3.233100 ms (FindLiveObjects: 0.255500 ms CreateObjectMapping: 0.094700 ms MarkObjects: 2.725800 ms  DeleteObjects: 0.155400 ms)

========================================================================
Received Import Request.
  Time since last request: 71.717634 seconds.
  path: Assets/Prefabs/Environment/GameCanvas.prefab
  artifactKey: Guid(6509aecf24462e642bca0e826a67543b) Importer(815301076,1909f56bfc062723c751e8b465ee728b)
Start importing Assets/Prefabs/Environment/GameCanvas.prefab using Guid(6509aecf24462e642bca0e826a67543b) Importer(815301076,1909f56bfc062723c751e8b465ee728b)  -> (artifact id: '7adadb1bdbf81518b2db050eea9120c6') in 0.185723 seconds
  Import took 0.190594 seconds .

========================================================================
Received Prepare
Registering precompiled user dll's ...
Registered in 0.001610 seconds.
Begin MonoManager ReloadAssembly
Native extension for WindowsStandalone target not found
Native extension for WebGL target not found
Refreshing native plugins compatible for Editor in 0.57 ms, found 1 plugins.
Preloading 0 native plugins for Editor in 0.00 ms.
Invoked RoslynAnalysisRunner static constructor.
RoslynAnalysisRunner will not be running.
RoslynAnalysisRunner has terminated.
Mono: successfully reloaded assembly
- Completed reload, in  1.371 seconds
Platform modules already initialized, skipping
Refreshing native plugins compatible for Editor in 0.64 ms, found 1 plugins.
Preloading 0 native plugins for Editor in 0.00 ms.
Unloading 1831 Unused Serialized files (Serialized files now loaded: 0)
System memory in use before: 87.0 MB.
System memory in use after: 87.0 MB.

Unloading 13 unused Assets to reduce memory usage. Loaded Objects now: 2381.
Total: 3.449600 ms (FindLiveObjects: 0.346600 ms CreateObjectMapping: 0.107800 ms MarkObjects: 2.832000 ms  DeleteObjects: 0.160900 ms)

========================================================================
Received Prepare
Registering precompiled user dll's ...
Registered in 0.002016 seconds.
Begin MonoManager ReloadAssembly
Native extension for WindowsStandalone target not found
Native extension for WebGL target not found
Refreshing native plugins compatible for Editor in 0.72 ms, found 1 plugins.
Preloading 0 native plugins for Editor in 0.00 ms.
Invoked RoslynAnalysisRunner static constructor.
RoslynAnalysisRunner will not be running.
RoslynAnalysisRunner has terminated.
Mono: successfully reloaded assembly
- Completed reload, in  1.374 seconds
Platform modules already initialized, skipping
Refreshing native plugins compatible for Editor in 0.60 ms, found 1 plugins.
Preloading 0 native plugins for Editor in 0.00 ms.
Unloading 1831 Unused Serialized files (Serialized files now loaded: 0)
System memory in use before: 87.0 MB.
System memory in use after: 87.0 MB.

Unloading 12 unused Assets to reduce memory usage. Loaded Objects now: 2385.
Total: 3.325000 ms (FindLiveObjects: 0.268100 ms CreateObjectMapping: 0.110800 ms MarkObjects: 2.793200 ms  DeleteObjects: 0.151200 ms)

========================================================================
Received Prepare
Registering precompiled user dll's ...
Registered in 0.001673 seconds.
Begin MonoManager ReloadAssembly
Native extension for WindowsStandalone target not found
Native extension for WebGL target not found
Refreshing native plugins compatible for Editor in 0.76 ms, found 1 plugins.
Preloading 0 native plugins for Editor in 0.00 ms.
Invoked RoslynAnalysisRunner static constructor.
RoslynAnalysisRunner will not be running.
RoslynAnalysisRunner has terminated.
Mono: successfully reloaded assembly
- Completed reload, in  1.605 seconds
Platform modules already initialized, skipping
Refreshing native plugins compatible for Editor in 0.58 ms, found 1 plugins.
Preloading 0 native plugins for Editor in 0.00 ms.
Unloading 1831 Unused Serialized files (Serialized files now loaded: 0)
System memory in use before: 87.0 MB.
System memory in use after: 87.0 MB.

Unloading 12 unused Assets to reduce memory usage. Loaded Objects now: 2389.
Total: 3.782700 ms (FindLiveObjects: 0.336000 ms CreateObjectMapping: 0.127300 ms MarkObjects: 3.126800 ms  DeleteObjects: 0.190500 ms)

========================================================================
Received Prepare
Registering precompiled user dll's ...
Registered in 0.001570 seconds.
Begin MonoManager ReloadAssembly
Native extension for WindowsStandalone target not found
Native extension for WebGL target not found
Refreshing native plugins compatible for Editor in 0.54 ms, found 1 plugins.
Preloading 0 native plugins for Editor in 0.00 ms.
Invoked RoslynAnalysisRunner static constructor.
RoslynAnalysisRunner will not be running.
RoslynAnalysisRunner has terminated.
Mono: successfully reloaded assembly
- Completed reload, in  1.400 seconds
Platform modules already initialized, skipping
Refreshing native plugins compatible for Editor in 0.55 ms, found 1 plugins.
Preloading 0 native plugins for Editor in 0.00 ms.
Unloading 1831 Unused Serialized files (Serialized files now loaded: 0)
System memory in use before: 87.0 MB.
System memory in use after: 87.0 MB.

Unloading 12 unused Assets to reduce memory usage. Loaded Objects now: 2393.
Total: 3.148400 ms (FindLiveObjects: 0.269300 ms CreateObjectMapping: 0.108700 ms MarkObjects: 2.615800 ms  DeleteObjects: 0.152900 ms)

========================================================================
Received Prepare
Registering precompiled user dll's ...
Registered in 0.001681 seconds.
Begin MonoManager ReloadAssembly
Native extension for WindowsStandalone target not found
Native extension for WebGL target not found
Refreshing native plugins compatible for Editor in 0.61 ms, found 1 plugins.
Preloading 0 native plugins for Editor in 0.00 ms.
Invoked RoslynAnalysisRunner static constructor.
RoslynAnalysisRunner will not be running.
RoslynAnalysisRunner has terminated.
Mono: successfully reloaded assembly
- Completed reload, in  1.618 seconds
Platform modules already initialized, skipping
Refreshing native plugins compatible for Editor in 0.58 ms, found 1 plugins.
Preloading 0 native plugins for Editor in 0.00 ms.
Unloading 1831 Unused Serialized files (Serialized files now loaded: 0)
System memory in use before: 87.0 MB.
System memory in use after: 87.0 MB.

Unloading 12 unused Assets to reduce memory usage. Loaded Objects now: 2397.
Total: 3.184500 ms (FindLiveObjects: 0.278200 ms CreateObjectMapping: 0.108600 ms MarkObjects: 2.645700 ms  DeleteObjects: 0.149900 ms)

========================================================================
Received Import Request.
  Time since last request: 568.998759 seconds.
  path: Assets/Prefabs/Environment/GameCanvas.prefab
  artifactKey: Guid(6509aecf24462e642bca0e826a67543b) Importer(815301076,1909f56bfc062723c751e8b465ee728b)
Start importing Assets/Prefabs/Environment/GameCanvas.prefab using Guid(6509aecf24462e642bca0e826a67543b) Importer(815301076,1909f56bfc062723c751e8b465ee728b)  -> (artifact id: 'e29e72959270a4bde30a2a03131338c3') in 0.176765 seconds
  Import took 0.181987 seconds .

========================================================================
Received Prepare
Registering precompiled user dll's ...
Registered in 0.001613 seconds.
Begin MonoManager ReloadAssembly
Native extension for WindowsStandalone target not found
Native extension for WebGL target not found
Refreshing native plugins compatible for Editor in 0.61 ms, found 1 plugins.
Preloading 0 native plugins for Editor in 0.00 ms.
Invoked RoslynAnalysisRunner static constructor.
RoslynAnalysisRunner will not be running.
RoslynAnalysisRunner has terminated.
Mono: successfully reloaded assembly
- Completed reload, in  1.359 seconds
Platform modules already initialized, skipping
Refreshing native plugins compatible for Editor in 0.69 ms, found 1 plugins.
Preloading 0 native plugins for Editor in 0.00 ms.
Unloading 1831 Unused Serialized files (Serialized files now loaded: 0)
System memory in use before: 87.0 MB.
System memory in use after: 87.0 MB.

Unloading 13 unused Assets to reduce memory usage. Loaded Objects now: 2401.
Total: 3.142500 ms (FindLiveObjects: 0.284000 ms CreateObjectMapping: 0.108300 ms MarkObjects: 2.590400 ms  DeleteObjects: 0.157800 ms)

========================================================================
Received Import Request.
  Time since last request: 51.227991 seconds.
  path: Assets/Scenes/Level01.unity
  artifactKey: Guid(2cda990e2423bbf4892e6590ba056729) Importer(815301076,1909f56bfc062723c751e8b465ee728b)
Start importing Assets/Scenes/Level01.unity using Guid(2cda990e2423bbf4892e6590ba056729) Importer(815301076,1909f56bfc062723c751e8b465ee728b)  -> (artifact id: '6306783900e48e49432e3ed819548da0') in 0.016925 seconds
  Import took 0.021360 seconds .

========================================================================
Received Import Request.
  Time since last request: 57.589816 seconds.
  path: Assets/Prefabs/ShopCanvas.prefab
  artifactKey: Guid(1b061665657007641811d20c56a45002) Importer(815301076,1909f56bfc062723c751e8b465ee728b)
Start importing Assets/Prefabs/ShopCanvas.prefab using Guid(1b061665657007641811d20c56a45002) Importer(815301076,1909f56bfc062723c751e8b465ee728b)  -> (artifact id: '6cb7363c3397c4fe4956f007abb77ef5') in 0.167815 seconds
  Import took 0.172573 seconds .

========================================================================
Received Import Request.
  Time since last request: 11.215064 seconds.
  path: Assets/Prefabs/Environment/GameCanvas.prefab
  artifactKey: Guid(6509aecf24462e642bca0e826a67543b) Importer(815301076,1909f56bfc062723c751e8b465ee728b)
Start importing Assets/Prefabs/Environment/GameCanvas.prefab using Guid(6509aecf24462e642bca0e826a67543b) Importer(815301076,1909f56bfc062723c751e8b465ee728b)  -> (artifact id: '0b75087d25ad92c6f164482bd4fdf4f7') in 0.059632 seconds
  Import took 0.065148 seconds .

========================================================================
Received Import Request.
  Time since last request: 47.928327 seconds.
  path: Assets/Prefabs/Environment/GameCanvas.prefab
  artifactKey: Guid(6509aecf24462e642bca0e826a67543b) Importer(815301076,1909f56bfc062723c751e8b465ee728b)
Start importing Assets/Prefabs/Environment/GameCanvas.prefab using Guid(6509aecf24462e642bca0e826a67543b) Importer(815301076,1909f56bfc062723c751e8b465ee728b)  -> (artifact id: '023ee1cca6dac75301d3e5ce72ec1a4d') in 0.015193 seconds
  Import took 0.019922 seconds .

========================================================================
Received Prepare
Registering precompiled user dll's ...
Registered in 0.001514 seconds.
Begin MonoManager ReloadAssembly
Native extension for WindowsStandalone target not found
Native extension for WebGL target not found
Refreshing native plugins compatible for Editor in 0.58 ms, found 1 plugins.
Preloading 0 native plugins for Editor in 0.00 ms.
Invoked RoslynAnalysisRunner static constructor.
RoslynAnalysisRunner will not be running.
RoslynAnalysisRunner has terminated.
Mono: successfully reloaded assembly
- Completed reload, in  1.509 seconds
Platform modules already initialized, skipping
Refreshing native plugins compatible for Editor in 0.58 ms, found 1 plugins.
Preloading 0 native plugins for Editor in 0.00 ms.
Unloading 1831 Unused Serialized files (Serialized files now loaded: 0)
System memory in use before: 87.3 MB.
System memory in use after: 87.3 MB.

Unloading 13 unused Assets to reduce memory usage. Loaded Objects now: 2405.
Total: 3.268100 ms (FindLiveObjects: 0.390300 ms CreateObjectMapping: 0.158900 ms MarkObjects: 2.554200 ms  DeleteObjects: 0.162600 ms)

========================================================================
Received Prepare
Registering precompiled user dll's ...
Registered in 0.001809 seconds.
Begin MonoManager ReloadAssembly
Native extension for WindowsStandalone target not found
Native extension for WebGL target not found
Refreshing native plugins compatible for Editor in 0.58 ms, found 1 plugins.
Preloading 0 native plugins for Editor in 0.00 ms.
Invoked RoslynAnalysisRunner static constructor.
RoslynAnalysisRunner will not be running.
RoslynAnalysisRunner has terminated.
Mono: successfully reloaded assembly
- Completed reload, in  1.627 seconds
Platform modules already initialized, skipping
Refreshing native plugins compatible for Editor in 0.58 ms, found 1 plugins.
Preloading 0 native plugins for Editor in 0.00 ms.
Unloading 1831 Unused Serialized files (Serialized files now loaded: 0)
System memory in use before: 87.3 MB.
System memory in use after: 87.3 MB.

Unloading 12 unused Assets to reduce memory usage. Loaded Objects now: 2409.
Total: 3.530400 ms (FindLiveObjects: 0.478900 ms CreateObjectMapping: 0.129600 ms MarkObjects: 2.763500 ms  DeleteObjects: 0.156500 ms)

========================================================================
Received Import Request.
  Time since last request: 92.369812 seconds.
  path: Assets/Prefabs/Environment/GameCanvas.prefab
  artifactKey: Guid(6509aecf24462e642bca0e826a67543b) Importer(815301076,1909f56bfc062723c751e8b465ee728b)
Start importing Assets/Prefabs/Environment/GameCanvas.prefab using Guid(6509aecf24462e642bca0e826a67543b) Importer(815301076,1909f56bfc062723c751e8b465ee728b)  -> (artifact id: '80666ec1af55427719863ad1cd4b1aa4') in 0.181991 seconds
  Import took 0.187841 seconds .

========================================================================
Received Import Request.
  Time since last request: 12.791164 seconds.
  path: Assets/Scenes/Level01.unity
  artifactKey: Guid(2cda990e2423bbf4892e6590ba056729) Importer(815301076,1909f56bfc062723c751e8b465ee728b)
Start importing Assets/Scenes/Level01.unity using Guid(2cda990e2423bbf4892e6590ba056729) Importer(815301076,1909f56bfc062723c751e8b465ee728b)  -> (artifact id: '860af7f195f3598d0f5f007b3d33975a') in 0.003483 seconds
  Import took 0.008457 seconds .

========================================================================
Received Prepare
Registering precompiled user dll's ...
Registered in 0.001613 seconds.
Begin MonoManager ReloadAssembly
Native extension for WindowsStandalone target not found
Native extension for WebGL target not found
Refreshing native plugins compatible for Editor in 0.64 ms, found 1 plugins.
Preloading 0 native plugins for Editor in 0.00 ms.
Invoked RoslynAnalysisRunner static constructor.
RoslynAnalysisRunner will not be running.
RoslynAnalysisRunner has terminated.
Mono: successfully reloaded assembly
- Completed reload, in  1.381 seconds
Platform modules already initialized, skipping
Refreshing native plugins compatible for Editor in 0.59 ms, found 1 plugins.
Preloading 0 native plugins for Editor in 0.00 ms.
Unloading 1831 Unused Serialized files (Serialized files now loaded: 0)
System memory in use before: 87.3 MB.
System memory in use after: 87.3 MB.

Unloading 13 unused Assets to reduce memory usage. Loaded Objects now: 2413.
Total: 3.094900 ms (FindLiveObjects: 0.278000 ms CreateObjectMapping: 0.095200 ms MarkObjects: 2.560800 ms  DeleteObjects: 0.159400 ms)

========================================================================
Received Prepare
Registering precompiled user dll's ...
Registered in 0.001622 seconds.
Begin MonoManager ReloadAssembly
Native extension for WindowsStandalone target not found
Native extension for WebGL target not found
Refreshing native plugins compatible for Editor in 0.80 ms, found 1 plugins.
Preloading 0 native plugins for Editor in 0.00 ms.
Invoked RoslynAnalysisRunner static constructor.
RoslynAnalysisRunner will not be running.
RoslynAnalysisRunner has terminated.
Mono: successfully reloaded assembly
- Completed reload, in  1.403 seconds
Platform modules already initialized, skipping
Refreshing native plugins compatible for Editor in 0.62 ms, found 1 plugins.
Preloading 0 native plugins for Editor in 0.00 ms.
Unloading 1831 Unused Serialized files (Serialized files now loaded: 0)
System memory in use before: 87.3 MB.
System memory in use after: 87.3 MB.

Unloading 12 unused Assets to reduce memory usage. Loaded Objects now: 2417.
Total: 3.398700 ms (FindLiveObjects: 0.300900 ms CreateObjectMapping: 0.122000 ms MarkObjects: 2.807800 ms  DeleteObjects: 0.165900 ms)

========================================================================
Received Import Request.
  Time since last request: 184.458092 seconds.
  path: Assets/Prefabs/Menus/ShopCanvas.prefab
  artifactKey: Guid(1b061665657007641811d20c56a45002) Importer(815301076,1909f56bfc062723c751e8b465ee728b)
Start importing Assets/Prefabs/Menus/ShopCanvas.prefab using Guid(1b061665657007641811d20c56a45002) Importer(815301076,1909f56bfc062723c751e8b465ee728b)  -> (artifact id: '5e9d2891a4d5c9546a01dbc83b14c209') in 0.163149 seconds
  Import took 0.167883 seconds .

========================================================================
Received Prepare
Registering precompiled user dll's ...
Registered in 0.001603 seconds.
Begin MonoManager ReloadAssembly
Native extension for WindowsStandalone target not found
Native extension for WebGL target not found
Refreshing native plugins compatible for Editor in 0.65 ms, found 1 plugins.
Preloading 0 native plugins for Editor in 0.00 ms.
Invoked RoslynAnalysisRunner static constructor.
RoslynAnalysisRunner will not be running.
RoslynAnalysisRunner has terminated.
Mono: successfully reloaded assembly
- Completed reload, in  1.621 seconds
Platform modules already initialized, skipping
Refreshing native plugins compatible for Editor in 0.62 ms, found 1 plugins.
Preloading 0 native plugins for Editor in 0.00 ms.
Unloading 1831 Unused Serialized files (Serialized files now loaded: 0)
System memory in use before: 87.3 MB.
System memory in use after: 87.3 MB.

Unloading 13 unused Assets to reduce memory usage. Loaded Objects now: 2421.
Total: 3.261100 ms (FindLiveObjects: 0.250000 ms CreateObjectMapping: 0.095600 ms MarkObjects: 2.756100 ms  DeleteObjects: 0.157900 ms)

========================================================================
Received Import Request.
  Time since last request: 31.159171 seconds.
  path: Assets/Prefabs/Menus/ShopCanvas.prefab
  artifactKey: Guid(1b061665657007641811d20c56a45002) Importer(815301076,1909f56bfc062723c751e8b465ee728b)
Start importing Assets/Prefabs/Menus/ShopCanvas.prefab using Guid(1b061665657007641811d20c56a45002) Importer(815301076,1909f56bfc062723c751e8b465ee728b)  -> (artifact id: '672ac8f75a9814495a1f0ec2cc7915ca') in 0.169053 seconds
  Import took 0.173770 seconds .

========================================================================
Received Import Request.
  Time since last request: 0.029011 seconds.
  path: Assets/Prefabs/Menus/ShopCanvas.prefab
  artifactKey: Guid(1b061665657007641811d20c56a45002) Importer(815301076,1909f56bfc062723c751e8b465ee728b)
Start importing Assets/Prefabs/Menus/ShopCanvas.prefab using Guid(1b061665657007641811d20c56a45002) Importer(815301076,1909f56bfc062723c751e8b465ee728b)  -> (artifact id: '672ac8f75a9814495a1f0ec2cc7915ca') in 0.046081 seconds
  Import took 0.051523 seconds .

========================================================================
Received Import Request.
  Time since last request: 7.392800 seconds.
  path: Assets/Scenes/Level01.unity
  artifactKey: Guid(2cda990e2423bbf4892e6590ba056729) Importer(815301076,1909f56bfc062723c751e8b465ee728b)
Start importing Assets/Scenes/Level01.unity using Guid(2cda990e2423bbf4892e6590ba056729) Importer(815301076,1909f56bfc062723c751e8b465ee728b)  -> (artifact id: 'f9d88c43ca4905f3c51ffedb62027c50') in 0.003287 seconds
  Import took 0.008329 seconds .

========================================================================
Received Import Request.
  Time since last request: 8.062045 seconds.
  path: Assets/Scenes/Level02.unity
  artifactKey: Guid(0074ae5961288404c805e5ed342a8055) Importer(815301076,1909f56bfc062723c751e8b465ee728b)
Start importing Assets/Scenes/Level02.unity using Guid(0074ae5961288404c805e5ed342a8055) Importer(815301076,1909f56bfc062723c751e8b465ee728b)  -> (artifact id: 'c0b9d3eedb9fba6769e73c73f390f08d') in 0.003509 seconds
  Import took 0.008075 seconds .

========================================================================
Received Prepare
Registering precompiled user dll's ...
Registered in 0.001584 seconds.
Begin MonoManager ReloadAssembly
Native extension for WindowsStandalone target not found
Native extension for WebGL target not found
Refreshing native plugins compatible for Editor in 0.54 ms, found 1 plugins.
Preloading 0 native plugins for Editor in 0.00 ms.
Invoked RoslynAnalysisRunner static constructor.
RoslynAnalysisRunner will not be running.
RoslynAnalysisRunner has terminated.
Mono: successfully reloaded assembly
- Completed reload, in  1.359 seconds
Platform modules already initialized, skipping
Refreshing native plugins compatible for Editor in 0.58 ms, found 1 plugins.
Preloading 0 native plugins for Editor in 0.00 ms.
Unloading 1831 Unused Serialized files (Serialized files now loaded: 0)
System memory in use before: 87.3 MB.
System memory in use after: 87.3 MB.

Unloading 13 unused Assets to reduce memory usage. Loaded Objects now: 2425.
Total: 3.280900 ms (FindLiveObjects: 0.348500 ms CreateObjectMapping: 0.126100 ms MarkObjects: 2.637700 ms  DeleteObjects: 0.166200 ms)

========================================================================
Received Prepare
Registering precompiled user dll's ...
Registered in 0.001491 seconds.
Begin MonoManager ReloadAssembly
Native extension for WindowsStandalone target not found
Native extension for WebGL target not found
Refreshing native plugins compatible for Editor in 0.64 ms, found 1 plugins.
Preloading 0 native plugins for Editor in 0.00 ms.
Invoked RoslynAnalysisRunner static constructor.
RoslynAnalysisRunner will not be running.
RoslynAnalysisRunner has terminated.
Mono: successfully reloaded assembly
- Completed reload, in  1.410 seconds
Platform modules already initialized, skipping
Refreshing native plugins compatible for Editor in 0.60 ms, found 1 plugins.
Preloading 0 native plugins for Editor in 0.00 ms.
Unloading 1831 Unused Serialized files (Serialized files now loaded: 0)
System memory in use before: 87.3 MB.
System memory in use after: 87.3 MB.

Unloading 12 unused Assets to reduce memory usage. Loaded Objects now: 2429.
Total: 3.685000 ms (FindLiveObjects: 0.368000 ms CreateObjectMapping: 0.110600 ms MarkObjects: 3.051500 ms  DeleteObjects: 0.153000 ms)

========================================================================
Received Prepare
Registering precompiled user dll's ...
Registered in 0.001700 seconds.
Begin MonoManager ReloadAssembly
Native extension for WindowsStandalone target not found
Native extension for WebGL target not found
Refreshing native plugins compatible for Editor in 0.72 ms, found 1 plugins.
Preloading 0 native plugins for Editor in 0.00 ms.
Invoked RoslynAnalysisRunner static constructor.
RoslynAnalysisRunner will not be running.
RoslynAnalysisRunner has terminated.
Mono: successfully reloaded assembly
- Completed reload, in  1.422 seconds
Platform modules already initialized, skipping
Refreshing native plugins compatible for Editor in 0.56 ms, found 1 plugins.
Preloading 0 native plugins for Editor in 0.00 ms.
Unloading 1831 Unused Serialized files (Serialized files now loaded: 0)
System memory in use before: 87.4 MB.
System memory in use after: 87.3 MB.

Unloading 12 unused Assets to reduce memory usage. Loaded Objects now: 2433.
Total: 3.269500 ms (FindLiveObjects: 0.297200 ms CreateObjectMapping: 0.111800 ms MarkObjects: 2.688400 ms  DeleteObjects: 0.170500 ms)

========================================================================
Received Prepare
Registering precompiled user dll's ...
Registered in 0.001554 seconds.
Begin MonoManager ReloadAssembly
Native extension for WindowsStandalone target not found
Native extension for WebGL target not found
Refreshing native plugins compatible for Editor in 0.57 ms, found 1 plugins.
Preloading 0 native plugins for Editor in 0.00 ms.
Invoked RoslynAnalysisRunner static constructor.
RoslynAnalysisRunner will not be running.
RoslynAnalysisRunner has terminated.
Mono: successfully reloaded assembly
- Completed reload, in  1.526 seconds
Platform modules already initialized, skipping
Refreshing native plugins compatible for Editor in 0.58 ms, found 1 plugins.
Preloading 0 native plugins for Editor in 0.00 ms.
Unloading 1831 Unused Serialized files (Serialized files now loaded: 0)
System memory in use before: 87.4 MB.
System memory in use after: 87.3 MB.

Unloading 12 unused Assets to reduce memory usage. Loaded Objects now: 2437.
Total: 3.057000 ms (FindLiveObjects: 0.268100 ms CreateObjectMapping: 0.100800 ms MarkObjects: 2.537100 ms  DeleteObjects: 0.149500 ms)

========================================================================
Received Prepare
Registering precompiled user dll's ...
Registered in 0.001408 seconds.
Begin MonoManager ReloadAssembly
Native extension for WindowsStandalone target not found
Native extension for WebGL target not found
Refreshing native plugins compatible for Editor in 0.67 ms, found 1 plugins.
Preloading 0 native plugins for Editor in 0.00 ms.
Invoked RoslynAnalysisRunner static constructor.
RoslynAnalysisRunner will not be running.
RoslynAnalysisRunner has terminated.
Mono: successfully reloaded assembly
- Completed reload, in  1.396 seconds
Platform modules already initialized, skipping
Refreshing native plugins compatible for Editor in 0.56 ms, found 1 plugins.
Preloading 0 native plugins for Editor in 0.01 ms.
Unloading 1831 Unused Serialized files (Serialized files now loaded: 0)
System memory in use before: 87.4 MB.
System memory in use after: 87.3 MB.

Unloading 12 unused Assets to reduce memory usage. Loaded Objects now: 2441.
Total: 3.192600 ms (FindLiveObjects: 0.299400 ms CreateObjectMapping: 0.109200 ms MarkObjects: 2.620100 ms  DeleteObjects: 0.162100 ms)

========================================================================
Received Prepare
Registering precompiled user dll's ...
Registered in 0.001556 seconds.
Begin MonoManager ReloadAssembly
Native extension for WindowsStandalone target not found
Native extension for WebGL target not found
Refreshing native plugins compatible for Editor in 0.58 ms, found 1 plugins.
Preloading 0 native plugins for Editor in 0.00 ms.
Invoked RoslynAnalysisRunner static constructor.
RoslynAnalysisRunner will not be running.
RoslynAnalysisRunner has terminated.
Mono: successfully reloaded assembly
- Completed reload, in  1.388 seconds
Platform modules already initialized, skipping
Refreshing native plugins compatible for Editor in 0.56 ms, found 1 plugins.
Preloading 0 native plugins for Editor in 0.00 ms.
Unloading 1831 Unused Serialized files (Serialized files now loaded: 0)
System memory in use before: 87.4 MB.
System memory in use after: 87.4 MB.

Unloading 12 unused Assets to reduce memory usage. Loaded Objects now: 2445.
Total: 3.372700 ms (FindLiveObjects: 0.276200 ms CreateObjectMapping: 0.131500 ms MarkObjects: 2.811200 ms  DeleteObjects: 0.152000 ms)

========================================================================
Received Prepare
Registering precompiled user dll's ...
Registered in 0.001772 seconds.
Begin MonoManager ReloadAssembly
Native extension for WindowsStandalone target not found
Native extension for WebGL target not found
Refreshing native plugins compatible for Editor in 0.58 ms, found 1 plugins.
Preloading 0 native plugins for Editor in 0.00 ms.
Invoked RoslynAnalysisRunner static constructor.
RoslynAnalysisRunner will not be running.
RoslynAnalysisRunner has terminated.
Mono: successfully reloaded assembly
- Completed reload, in  1.393 seconds
Platform modules already initialized, skipping
Refreshing native plugins compatible for Editor in 0.61 ms, found 1 plugins.
Preloading 0 native plugins for Editor in 0.00 ms.
Unloading 1831 Unused Serialized files (Serialized files now loaded: 0)
System memory in use before: 87.4 MB.
System memory in use after: 87.4 MB.

Unloading 12 unused Assets to reduce memory usage. Loaded Objects now: 2449.
Total: 3.201800 ms (FindLiveObjects: 0.328200 ms CreateObjectMapping: 0.100600 ms MarkObjects: 2.621000 ms  DeleteObjects: 0.150100 ms)

========================================================================
Received Prepare
Registering precompiled user dll's ...
Registered in 0.001679 seconds.
Begin MonoManager ReloadAssembly
Native extension for WindowsStandalone target not found
Native extension for WebGL target not found
Refreshing native plugins compatible for Editor in 0.70 ms, found 1 plugins.
Preloading 0 native plugins for Editor in 0.00 ms.
Invoked RoslynAnalysisRunner static constructor.
RoslynAnalysisRunner will not be running.
RoslynAnalysisRunner has terminated.
Mono: successfully reloaded assembly
- Completed reload, in  1.358 seconds
Platform modules already initialized, skipping
Refreshing native plugins compatible for Editor in 0.56 ms, found 1 plugins.
Preloading 0 native plugins for Editor in 0.00 ms.
Unloading 1831 Unused Serialized files (Serialized files now loaded: 0)
System memory in use before: 87.4 MB.
System memory in use after: 87.4 MB.

Unloading 12 unused Assets to reduce memory usage. Loaded Objects now: 2453.
Total: 3.281900 ms (FindLiveObjects: 0.400400 ms CreateObjectMapping: 0.105200 ms MarkObjects: 2.620600 ms  DeleteObjects: 0.153900 ms)

========================================================================
Received Prepare
Registering precompiled user dll's ...
Registered in 0.001429 seconds.
Begin MonoManager ReloadAssembly
Native extension for WindowsStandalone target not found
Native extension for WebGL target not found
Refreshing native plugins compatible for Editor in 0.64 ms, found 1 plugins.
Preloading 0 native plugins for Editor in 0.00 ms.
Invoked RoslynAnalysisRunner static constructor.
RoslynAnalysisRunner will not be running.
RoslynAnalysisRunner has terminated.
Mono: successfully reloaded assembly
- Completed reload, in  1.398 seconds
Platform modules already initialized, skipping
Refreshing native plugins compatible for Editor in 0.64 ms, found 1 plugins.
Preloading 0 native plugins for Editor in 0.00 ms.
Unloading 1831 Unused Serialized files (Serialized files now loaded: 0)
System memory in use before: 87.4 MB.
System memory in use after: 87.4 MB.

Unloading 12 unused Assets to reduce memory usage. Loaded Objects now: 2457.
Total: 3.385100 ms (FindLiveObjects: 0.321800 ms CreateObjectMapping: 0.120400 ms MarkObjects: 2.785500 ms  DeleteObjects: 0.155700 ms)

========================================================================
Received Import Request.
  Time since last request: 903.454064 seconds.
  path: Assets/ScriptableObjects/HealPotion.asset
  artifactKey: Guid(2cf31bab3af318240be491d3edae3fd5) Importer(815301076,1909f56bfc062723c751e8b465ee728b)
Start importing Assets/ScriptableObjects/HealPotion.asset using Guid(2cf31bab3af318240be491d3edae3fd5) Importer(815301076,1909f56bfc062723c751e8b465ee728b)  -> (artifact id: 'ca7fdcfcad6f6426070c7d229a599a23') in 0.018612 seconds
  Import took 0.027854 seconds .

========================================================================
Received Import Request.
  Time since last request: 0.026904 seconds.
  path: Assets/ScriptableObjects/HealPotion.asset
  artifactKey: Guid(2cf31bab3af318240be491d3edae3fd5) Importer(815301076,1909f56bfc062723c751e8b465ee728b)
Start importing Assets/ScriptableObjects/HealPotion.asset using Guid(2cf31bab3af318240be491d3edae3fd5) Importer(815301076,1909f56bfc062723c751e8b465ee728b)  -> (artifact id: 'ca7fdcfcad6f6426070c7d229a599a23') in 0.003537 seconds
  Import took 0.007868 seconds .

========================================================================
Received Import Request.
  Time since last request: 25.825008 seconds.
  path: Assets/ScriptableObjects/HealPotion.asset
  artifactKey: Guid(2cf31bab3af318240be491d3edae3fd5) Importer(815301076,1909f56bfc062723c751e8b465ee728b)
Start importing Assets/ScriptableObjects/HealPotion.asset using Guid(2cf31bab3af318240be491d3edae3fd5) Importer(815301076,1909f56bfc062723c751e8b465ee728b)  -> (artifact id: '23c3e8aab679afa01751b274197a321a') in 0.003541 seconds
  Import took 0.008360 seconds .

========================================================================
Received Prepare
Registering precompiled user dll's ...
Registered in 0.001596 seconds.
Begin MonoManager ReloadAssembly
Native extension for WindowsStandalone target not found
Native extension for WebGL target not found
Refreshing native plugins compatible for Editor in 0.58 ms, found 1 plugins.
Preloading 0 native plugins for Editor in 0.00 ms.
Invoked RoslynAnalysisRunner static constructor.
RoslynAnalysisRunner will not be running.
RoslynAnalysisRunner has terminated.
Mono: successfully reloaded assembly
- Completed reload, in  1.496 seconds
Platform modules already initialized, skipping
Refreshing native plugins compatible for Editor in 0.85 ms, found 1 plugins.
Preloading 0 native plugins for Editor in 0.00 ms.
Unloading 1831 Unused Serialized files (Serialized files now loaded: 0)
System memory in use before: 87.4 MB.
System memory in use after: 87.4 MB.

Unloading 12 unused Assets to reduce memory usage. Loaded Objects now: 2461.
Total: 4.918000 ms (FindLiveObjects: 0.477500 ms CreateObjectMapping: 0.130900 ms MarkObjects: 4.048000 ms  DeleteObjects: 0.259000 ms)

========================================================================
Received Prepare
Registering precompiled user dll's ...
Registered in 0.001552 seconds.
Begin MonoManager ReloadAssembly
Native extension for WindowsStandalone target not found
Native extension for WebGL target not found
Refreshing native plugins compatible for Editor in 0.63 ms, found 1 plugins.
Preloading 0 native plugins for Editor in 0.00 ms.
Invoked RoslynAnalysisRunner static constructor.
RoslynAnalysisRunner will not be running.
RoslynAnalysisRunner has terminated.
Mono: successfully reloaded assembly
- Completed reload, in  1.423 seconds
Platform modules already initialized, skipping
Refreshing native plugins compatible for Editor in 0.55 ms, found 1 plugins.
Preloading 0 native plugins for Editor in 0.00 ms.
Unloading 1831 Unused Serialized files (Serialized files now loaded: 0)
System memory in use before: 87.4 MB.
System memory in use after: 87.4 MB.

Unloading 12 unused Assets to reduce memory usage. Loaded Objects now: 2465.
Total: 3.457000 ms (FindLiveObjects: 0.573400 ms CreateObjectMapping: 0.125100 ms MarkObjects: 2.600900 ms  DeleteObjects: 0.155700 ms)

========================================================================
Received Prepare
Registering precompiled user dll's ...
Registered in 0.001552 seconds.
Begin MonoManager ReloadAssembly
Native extension for WindowsStandalone target not found
Native extension for WebGL target not found
Refreshing native plugins compatible for Editor in 0.60 ms, found 1 plugins.
Preloading 0 native plugins for Editor in 0.00 ms.
Invoked RoslynAnalysisRunner static constructor.
RoslynAnalysisRunner will not be running.
RoslynAnalysisRunner has terminated.
Mono: successfully reloaded assembly
- Completed reload, in  1.423 seconds
Platform modules already initialized, skipping
Refreshing native plugins compatible for Editor in 0.64 ms, found 1 plugins.
Preloading 0 native plugins for Editor in 0.00 ms.
Unloading 1831 Unused Serialized files (Serialized files now loaded: 0)
System memory in use before: 87.4 MB.
System memory in use after: 87.4 MB.

Unloading 12 unused Assets to reduce memory usage. Loaded Objects now: 2469.
Total: 3.553100 ms (FindLiveObjects: 0.406800 ms CreateObjectMapping: 0.109700 ms MarkObjects: 2.832700 ms  DeleteObjects: 0.201700 ms)

========================================================================
Received Prepare
Registering precompiled user dll's ...
Registered in 0.001557 seconds.
Begin MonoManager ReloadAssembly
Native extension for WindowsStandalone target not found
Native extension for WebGL target not found
Refreshing native plugins compatible for Editor in 0.56 ms, found 1 plugins.
Preloading 0 native plugins for Editor in 0.00 ms.
Invoked RoslynAnalysisRunner static constructor.
RoslynAnalysisRunner will not be running.
RoslynAnalysisRunner has terminated.
Mono: successfully reloaded assembly
- Completed reload, in  1.388 seconds
Platform modules already initialized, skipping
Refreshing native plugins compatible for Editor in 0.62 ms, found 1 plugins.
Preloading 0 native plugins for Editor in 0.00 ms.
Unloading 1831 Unused Serialized files (Serialized files now loaded: 0)
System memory in use before: 87.4 MB.
System memory in use after: 87.4 MB.

Unloading 12 unused Assets to reduce memory usage. Loaded Objects now: 2473.
Total: 3.301800 ms (FindLiveObjects: 0.310500 ms CreateObjectMapping: 0.096500 ms MarkObjects: 2.713400 ms  DeleteObjects: 0.179100 ms)

========================================================================
Received Prepare
Registering precompiled user dll's ...
Registered in 0.001556 seconds.
Begin MonoManager ReloadAssembly
Native extension for WindowsStandalone target not found
Native extension for WebGL target not found
Refreshing native plugins compatible for Editor in 0.55 ms, found 1 plugins.
Preloading 0 native plugins for Editor in 0.00 ms.
Invoked RoslynAnalysisRunner static constructor.
RoslynAnalysisRunner will not be running.
RoslynAnalysisRunner has terminated.
Mono: successfully reloaded assembly
- Completed reload, in  1.379 seconds
Platform modules already initialized, skipping
Refreshing native plugins compatible for Editor in 0.60 ms, found 1 plugins.
Preloading 0 native plugins for Editor in 0.00 ms.
Unloading 1831 Unused Serialized files (Serialized files now loaded: 0)
System memory in use before: 87.4 MB.
System memory in use after: 87.4 MB.

Unloading 12 unused Assets to reduce memory usage. Loaded Objects now: 2477.
Total: 3.378800 ms (FindLiveObjects: 0.272300 ms CreateObjectMapping: 0.107900 ms MarkObjects: 2.792600 ms  DeleteObjects: 0.203900 ms)

========================================================================
Received Prepare
Registering precompiled user dll's ...
Registered in 0.001941 seconds.
Begin MonoManager ReloadAssembly
Native extension for WindowsStandalone target not found
Native extension for WebGL target not found
Refreshing native plugins compatible for Editor in 0.59 ms, found 1 plugins.
Preloading 0 native plugins for Editor in 0.00 ms.
Invoked RoslynAnalysisRunner static constructor.
RoslynAnalysisRunner will not be running.
RoslynAnalysisRunner has terminated.
Mono: successfully reloaded assembly
- Completed reload, in  1.524 seconds
Platform modules already initialized, skipping
Refreshing native plugins compatible for Editor in 0.55 ms, found 1 plugins.
Preloading 0 native plugins for Editor in 0.00 ms.
Unloading 1831 Unused Serialized files (Serialized files now loaded: 0)
System memory in use before: 87.5 MB.
System memory in use after: 87.4 MB.

Unloading 12 unused Assets to reduce memory usage. Loaded Objects now: 2481.
Total: 3.129900 ms (FindLiveObjects: 0.287700 ms CreateObjectMapping: 0.105400 ms MarkObjects: 2.545600 ms  DeleteObjects: 0.188300 ms)

========================================================================
Received Import Request.
  Time since last request: 547.580520 seconds.
  path: Assets/Scripts/Enemies/EnemyPatrol.cs
  artifactKey: Guid(f53ad1d40981fed409037b67673d8148) Importer(815301076,1909f56bfc062723c751e8b465ee728b)
Start importing Assets/Scripts/Enemies/EnemyPatrol.cs using Guid(f53ad1d40981fed409037b67673d8148) Importer(815301076,1909f56bfc062723c751e8b465ee728b)  -> (artifact id: '0bb52106b62aafe84fbef144aebb1b3d') in 0.011529 seconds
  Import took 0.016149 seconds .

========================================================================
Received Import Request.
  Time since last request: 11.619779 seconds.
  path: Assets/Scripts/Managers/DialogManager.cs
  artifactKey: Guid(b2b5cb0dad8be4245956ef662198fac3) Importer(815301076,1909f56bfc062723c751e8b465ee728b)
Start importing Assets/Scripts/Managers/DialogManager.cs using Guid(b2b5cb0dad8be4245956ef662198fac3) Importer(815301076,1909f56bfc062723c751e8b465ee728b)  -> (artifact id: 'cdc290dbe8e283da23b6d2be6d59b52e') in 0.003611 seconds
  Import took 0.010275 seconds .

========================================================================
Received Import Request.
  Time since last request: 2.173633 seconds.
  path: Assets/Scripts/Managers/LoadScene.cs
  artifactKey: Guid(0d259dfcfc468c0448768f8ee2f46b81) Importer(815301076,1909f56bfc062723c751e8b465ee728b)
Start importing Assets/Scripts/Managers/LoadScene.cs using Guid(0d259dfcfc468c0448768f8ee2f46b81) Importer(815301076,1909f56bfc062723c751e8b465ee728b)  -> (artifact id: 'd71400e6cd5b0bfcd28f8f0125a8ab16') in 0.002844 seconds
  Import took 0.008345 seconds .

========================================================================
Received Import Request.
  Time since last request: 0.000924 seconds.
  path: Assets/Scripts/Managers/LoadScene.cs
  artifactKey: Guid(0d259dfcfc468c0448768f8ee2f46b81) Importer(815301076,1909f56bfc062723c751e8b465ee728b)
Start importing Assets/Scripts/Managers/LoadScene.cs using Guid(0d259dfcfc468c0448768f8ee2f46b81) Importer(815301076,1909f56bfc062723c751e8b465ee728b)  -> (artifact id: 'd71400e6cd5b0bfcd28f8f0125a8ab16') in 0.003392 seconds
  Import took 0.008790 seconds .

========================================================================
Received Import Request.
  Time since last request: 0.814631 seconds.
  path: Assets/Scripts/Managers/NextLevel.cs
  artifactKey: Guid(3013892b0a9d92c40b8c5186d7b8dbfa) Importer(815301076,1909f56bfc062723c751e8b465ee728b)
Start importing Assets/Scripts/Managers/NextLevel.cs using Guid(3013892b0a9d92c40b8c5186d7b8dbfa) Importer(815301076,1909f56bfc062723c751e8b465ee728b)  -> (artifact id: 'b71e0bfdf7073bd33c3370eead1725ba') in 0.008164 seconds
  Import took 0.013166 seconds .

========================================================================
Received Import Request.
  Time since last request: 0.787339 seconds.
  path: Assets/Scripts/Managers/ShopManager.cs
  artifactKey: Guid(28c7de9c5ee27f644953e5ad1071e2c7) Importer(815301076,1909f56bfc062723c751e8b465ee728b)
Start importing Assets/Scripts/Managers/ShopManager.cs using Guid(28c7de9c5ee27f644953e5ad1071e2c7) Importer(815301076,1909f56bfc062723c751e8b465ee728b)  -> (artifact id: '1e470261902ec0ed2446f1d0be334bbd') in 0.004945 seconds
  Import took 0.015322 seconds .

========================================================================
Received Import Request.
  Time since last request: 1.536767 seconds.
  path: Assets/Scripts/Menus/GameOverMenu.cs
  artifactKey: Guid(12b6dffd382c02349ae88d3109a889a5) Importer(815301076,1909f56bfc062723c751e8b465ee728b)
Start importing Assets/Scripts/Menus/GameOverMenu.cs using Guid(12b6dffd382c02349ae88d3109a889a5) Importer(815301076,1909f56bfc062723c751e8b465ee728b)  -> (artifact id: '868b05e0a97279fa6d98c006913c9c16') in 0.003077 seconds
  Import took 0.008046 seconds .

========================================================================
Received Import Request.
  Time since last request: 0.884983 seconds.
  path: Assets/Scripts/Menus/LevelSelectionMenu.cs
  artifactKey: Guid(26178d67746898043a7c641621a243b9) Importer(815301076,1909f56bfc062723c751e8b465ee728b)
Start importing Assets/Scripts/Menus/LevelSelectionMenu.cs using Guid(26178d67746898043a7c641621a243b9) Importer(815301076,1909f56bfc062723c751e8b465ee728b)  -> (artifact id: '975d4db91331714e4705cdce34b0654b') in 0.002997 seconds
  Import took 0.009293 seconds .

========================================================================
Received Import Request.
  Time since last request: 0.000944 seconds.
  path: Assets/Scripts/Menus/LevelSelectionMenu.cs
  artifactKey: Guid(26178d67746898043a7c641621a243b9) Importer(815301076,1909f56bfc062723c751e8b465ee728b)
Start importing Assets/Scripts/Menus/LevelSelectionMenu.cs using Guid(26178d67746898043a7c641621a243b9) Importer(815301076,1909f56bfc062723c751e8b465ee728b)  -> (artifact id: '975d4db91331714e4705cdce34b0654b') in 0.008523 seconds
  Import took 0.016023 seconds .

========================================================================
Received Import Request.
  Time since last request: 2.565691 seconds.
  path: Assets/Scripts/Menus/SettingsMenu.cs
  artifactKey: Guid(1cd4c07597358e14ea9a992d2d0f4c61) Importer(815301076,1909f56bfc062723c751e8b465ee728b)
Start importing Assets/Scripts/Menus/SettingsMenu.cs using Guid(1cd4c07597358e14ea9a992d2d0f4c61) Importer(815301076,1909f56bfc062723c751e8b465ee728b)  -> (artifact id: 'ad4f385b3058e817d49c01a735c5f844') in 0.003753 seconds
  Import took 0.010226 seconds .

========================================================================
Received Import Request.
  Time since last request: 0.002635 seconds.
  path: Assets/Scripts/Menus/SettingsMenu.cs
  artifactKey: Guid(1cd4c07597358e14ea9a992d2d0f4c61) Importer(815301076,1909f56bfc062723c751e8b465ee728b)
Start importing Assets/Scripts/Menus/SettingsMenu.cs using Guid(1cd4c07597358e14ea9a992d2d0f4c61) Importer(815301076,1909f56bfc062723c751e8b465ee728b)  -> (artifact id: 'ad4f385b3058e817d49c01a735c5f844') in 0.002967 seconds
  Import took 0.008044 seconds .

========================================================================
Received Import Request.
  Time since last request: 0.917625 seconds.
  path: Assets/Scripts/NPC/NPCDialog.cs
  artifactKey: Guid(4a1fe055ab9957347a289f701731c23e) Importer(815301076,1909f56bfc062723c751e8b465ee728b)
Start importing Assets/Scripts/NPC/NPCDialog.cs using Guid(4a1fe055ab9957347a289f701731c23e) Importer(815301076,1909f56bfc062723c751e8b465ee728b)  -> (artifact id: '4dc25af880ba9e06cc95cd812c7c4730') in 0.004584 seconds
  Import took 0.015731 seconds .

========================================================================
Received Import Request.
  Time since last request: 1.569163 seconds.
  path: Assets/Scripts/Pickups/PropInteractable.cs
  artifactKey: Guid(55d65ee071861b341a09d0520d64e603) Importer(815301076,1909f56bfc062723c751e8b465ee728b)
Start importing Assets/Scripts/Pickups/PropInteractable.cs using Guid(55d65ee071861b341a09d0520d64e603) Importer(815301076,1909f56bfc062723c751e8b465ee728b)  -> (artifact id: '4d9cfd001ae719f44253fca42ea95ae8') in 0.002825 seconds
  Import took 0.015042 seconds .

========================================================================
Received Import Request.
  Time since last request: 1.724036 seconds.
  path: Assets/Scripts/Player/Inventory.cs
  artifactKey: Guid(a6a54c877ad6ad741a6a488d0e38f9fd) Importer(815301076,1909f56bfc062723c751e8b465ee728b)
Start importing Assets/Scripts/Player/Inventory.cs using Guid(a6a54c877ad6ad741a6a488d0e38f9fd) Importer(815301076,1909f56bfc062723c751e8b465ee728b)  -> (artifact id: '605137f5290e30b5f7c8de5f6f5d3d75') in 0.005189 seconds
  Import took 0.025546 seconds .

========================================================================
Received Import Request.
  Time since last request: 1.647629 seconds.
  path: Assets/Scripts/Player/PlayerMovement.cs
  artifactKey: Guid(836d6bc920e40b44cb6c49eebd4dfb23) Importer(815301076,1909f56bfc062723c751e8b465ee728b)
Start importing Assets/Scripts/Player/PlayerMovement.cs using Guid(836d6bc920e40b44cb6c49eebd4dfb23) Importer(815301076,1909f56bfc062723c751e8b465ee728b)  -> (artifact id: 'f20aa9838f72679de8559529f397631f') in 0.007713 seconds
  Import took 0.012181 seconds .

========================================================================
Received Import Request.
  Time since last request: 0.000760 seconds.
  path: Assets/Scripts/Player/PlayerMovement.cs
  artifactKey: Guid(836d6bc920e40b44cb6c49eebd4dfb23) Importer(815301076,1909f56bfc062723c751e8b465ee728b)
Start importing Assets/Scripts/Player/PlayerMovement.cs using Guid(836d6bc920e40b44cb6c49eebd4dfb23) Importer(815301076,1909f56bfc062723c751e8b465ee728b)  -> (artifact id: 'f20aa9838f72679de8559529f397631f') in 0.006535 seconds
  Import took 0.012483 seconds .

========================================================================
Received Import Request.
  Time since last request: 0.962778 seconds.
  path: Assets/Scripts/Player/PlayerSpawn.cs
  artifactKey: Guid(816d9ad566fa3874aab99690549dc7fc) Importer(815301076,1909f56bfc062723c751e8b465ee728b)
Start importing Assets/Scripts/Player/PlayerSpawn.cs using Guid(816d9ad566fa3874aab99690549dc7fc) Importer(815301076,1909f56bfc062723c751e8b465ee728b)  -> (artifact id: '77af757d9bdc3033bd670d237d34adac') in 0.002613 seconds
  Import took 0.006809 seconds .

========================================================================
Received Prepare
Registering precompiled user dll's ...
Registered in 0.002096 seconds.
Begin MonoManager ReloadAssembly
Native extension for WindowsStandalone target not found
Native extension for WebGL target not found
Refreshing native plugins compatible for Editor in 0.54 ms, found 1 plugins.
Preloading 0 native plugins for Editor in 0.00 ms.
Invoked RoslynAnalysisRunner static constructor.
RoslynAnalysisRunner will not be running.
RoslynAnalysisRunner has terminated.
Mono: successfully reloaded assembly
- Completed reload, in  1.468 seconds
Platform modules already initialized, skipping
Refreshing native plugins compatible for Editor in 0.56 ms, found 1 plugins.
Preloading 0 native plugins for Editor in 0.00 ms.
Unloading 1831 Unused Serialized files (Serialized files now loaded: 0)
System memory in use before: 87.5 MB.
System memory in use after: 87.4 MB.

Unloading 12 unused Assets to reduce memory usage. Loaded Objects now: 2485.
Total: 3.107500 ms (FindLiveObjects: 0.290600 ms CreateObjectMapping: 0.107100 ms MarkObjects: 2.558000 ms  DeleteObjects: 0.150100 ms)

========================================================================
Received Import Request.
  Time since last request: 1453.338381 seconds.
  path: Assets/Scripts/Player/PlayerSpawn.cs
  artifactKey: Guid(816d9ad566fa3874aab99690549dc7fc) Importer(815301076,1909f56bfc062723c751e8b465ee728b)
Start importing Assets/Scripts/Player/PlayerSpawn.cs using Guid(816d9ad566fa3874aab99690549dc7fc) Importer(815301076,1909f56bfc062723c751e8b465ee728b)  -> (artifact id: 'ce2679855bcb649ba6cd408ea9ae8206') in 0.006266 seconds
  Import took 0.010310 seconds .

AssetImportWorkerClient::OnTransportError - code=2 error=End of file
