Using pre-set license
Built from '2020.3/staging' branch; Version is '2020.3.3f1 (76626098c1c4) revision 7758432'; Using compiler version '192528614'; Build Type 'Release'
OS: 'Windows 10 Home; OS build 19041.1237; Version 2004; 64bit' Language: 'fr' Physical Memory: 16343 MB
BatchMode: 1, IsHumanControllingUs: 0, StartBugReporterOnCrash: 0, Is64bit: 1, IsPro: 0

 COMMAND LINE ARGUMENTS:
D:\Unity\2020.3.3f1\Editor\Unity.exe
-adb2
-batchMode
-noUpm
-name
AssetImportWorker0
-projectPath
D:/Unity/MergearthGit/Mergearth
-logFile
Logs/AssetImportWorker0.log
-srvPort
52204
Successfully changed project path to: D:/Unity/MergearthGit/Mergearth
D:/Unity/MergearthGit/Mergearth
Using Asset Import Pipeline V2.
Refreshing native plugins compatible for Editor in 96.45 ms, found 1 plugins.
Preloading 0 native plugins for Editor in 0.00 ms.
Initialize engine version: 2020.3.3f1 (76626098c1c4)
[Subsystems] Discovering subsystems at path D:/Unity/2020.3.3f1/Editor/Data/Resources/UnitySubsystems
[Subsystems] Discovering subsystems at path D:/Unity/MergearthGit/Mergearth/Assets
GfxDevice: creating device client; threaded=0
Direct3D:
    Version:  Direct3D 11.0 [level 11.1]
    Renderer: NVIDIA GeForce GTX 970 (ID=0x13c2)
    Vendor:   
    VRAM:     4043 MB
    Driver:   27.21.14.5671
Initialize mono
Mono path[0] = 'D:/Unity/2020.3.3f1/Editor/Data/Managed'
Mono path[1] = 'D:/Unity/2020.3.3f1/Editor/Data/MonoBleedingEdge/lib/mono/unityjit'
Mono config path = 'D:/Unity/2020.3.3f1/Editor/Data/MonoBleedingEdge/etc'
Using monoOptions --debugger-agent=transport=dt_socket,embedding=1,server=y,suspend=n,address=127.0.0.1:56196
Begin MonoManager ReloadAssembly
Registering precompiled unity dll's ...
Register platform support module: D:/Unity/2020.3.3f1/Editor/Data/PlaybackEngines/WebGLSupport/UnityEditor.WebGL.Extensions.dll
Register platform support module: D:/Unity/2020.3.3f1/Editor/Data/PlaybackEngines/WindowsStandaloneSupport/UnityEditor.WindowsStandalone.Extensions.dll
Registered in 0.003118 seconds.
Native extension for WindowsStandalone target not found
Native extension for WebGL target not found
Refreshing native plugins compatible for Editor in 80.52 ms, found 1 plugins.
Preloading 0 native plugins for Editor in 0.00 ms.
Invoked RoslynAnalysisRunner static constructor.
RoslynAnalysisRunner will not be running.
RoslynAnalysisRunner has terminated.
Mono: successfully reloaded assembly
- Completed reload, in  2.139 seconds
Platform modules already initialized, skipping
Registering precompiled user dll's ...
Registered in 0.001507 seconds.
Begin MonoManager ReloadAssembly
Native extension for WindowsStandalone target not found
Native extension for WebGL target not found
Refreshing native plugins compatible for Editor in 83.57 ms, found 1 plugins.
Preloading 0 native plugins for Editor in 0.00 ms.
Invoked RoslynAnalysisRunner static constructor.
RoslynAnalysisRunner will not be running.
RoslynAnalysisRunner has terminated.
Mono: successfully reloaded assembly
- Completed reload, in  1.785 seconds
Platform modules already initialized, skipping
========================================================================
Worker process is ready to serve import requests
Launched and connected shader compiler UnityShaderCompiler.exe after 0.09 seconds
Refreshing native plugins compatible for Editor in 0.93 ms, found 1 plugins.
Preloading 0 native plugins for Editor in 0.00 ms.
Unloading 2173 Unused Serialized files (Serialized files now loaded: 0)
System memory in use before: 99.5 MB.
System memory in use after: 99.4 MB.

Unloading 26 unused Assets to reduce memory usage. Loaded Objects now: 2619.
Total: 3.868000 ms (FindLiveObjects: 0.531100 ms CreateObjectMapping: 0.159800 ms MarkObjects: 2.978200 ms  DeleteObjects: 0.196700 ms)

========================================================================
Received Import Request.
  path: Assets/ScriptableObjects/PickableProps/Pickups/CoinPickup.cs
  artifactKey: Guid(249ddcb2d65e35d448c4e4f341c8bd0e) Importer(815301076,1909f56bfc062723c751e8b465ee728b)
Start importing Assets/ScriptableObjects/PickableProps/Pickups/CoinPickup.cs using Guid(249ddcb2d65e35d448c4e4f341c8bd0e) Importer(815301076,1909f56bfc062723c751e8b465ee728b)  -> (artifact id: '2fd4f17ed0520da1f4b32c3ec84d4664') in 0.060624 seconds
  Import took 0.065771 seconds .

========================================================================
Received Prepare
Registering precompiled user dll's ...
Registered in 0.001717 seconds.
Begin MonoManager ReloadAssembly
Native extension for WindowsStandalone target not found
Native extension for WebGL target not found
Refreshing native plugins compatible for Editor in 0.73 ms, found 1 plugins.
Preloading 0 native plugins for Editor in 0.00 ms.
Invoked RoslynAnalysisRunner static constructor.
RoslynAnalysisRunner will not be running.
RoslynAnalysisRunner has terminated.
Mono: successfully reloaded assembly
- Completed reload, in  1.491 seconds
Platform modules already initialized, skipping
Refreshing native plugins compatible for Editor in 0.64 ms, found 1 plugins.
Preloading 0 native plugins for Editor in 0.00 ms.
Unloading 2155 Unused Serialized files (Serialized files now loaded: 0)
System memory in use before: 98.3 MB.
System memory in use after: 98.3 MB.

Unloading 12 unused Assets to reduce memory usage. Loaded Objects now: 2623.
Total: 3.483200 ms (FindLiveObjects: 0.271400 ms CreateObjectMapping: 0.131100 ms MarkObjects: 2.932700 ms  DeleteObjects: 0.146400 ms)

========================================================================
Received Import Request.
  Time since last request: 108.471972 seconds.
  path: Assets/ScriptableObjects/PickableProps/Pickups/CoinPickup.cs
  artifactKey: Guid(249ddcb2d65e35d448c4e4f341c8bd0e) Importer(815301076,1909f56bfc062723c751e8b465ee728b)
Start importing Assets/ScriptableObjects/PickableProps/Pickups/CoinPickup.cs using Guid(249ddcb2d65e35d448c4e4f341c8bd0e) Importer(815301076,1909f56bfc062723c751e8b465ee728b)  -> (artifact id: '2c6c8d0fac54188203af8b3bb6e3f83c') in 0.008554 seconds
  Import took 0.019542 seconds .

========================================================================
Received Import Request.
  Time since last request: 14.097181 seconds.
  path: Assets/ScriptableObjects/PickableProps/Pickups/HealPickup.cs
  artifactKey: Guid(cc724c593448b1c4ebb152031000855c) Importer(815301076,1909f56bfc062723c751e8b465ee728b)
Start importing Assets/ScriptableObjects/PickableProps/Pickups/HealPickup.cs using Guid(cc724c593448b1c4ebb152031000855c) Importer(815301076,1909f56bfc062723c751e8b465ee728b)  -> (artifact id: 'a9d2a560c29db6ae6b76cc5fe25580ae') in 0.003376 seconds
  Import took 0.014130 seconds .

========================================================================
Received Prepare
Registering precompiled user dll's ...
Registered in 0.001628 seconds.
Begin MonoManager ReloadAssembly
Native extension for WindowsStandalone target not found
Native extension for WebGL target not found
Refreshing native plugins compatible for Editor in 0.62 ms, found 1 plugins.
Preloading 0 native plugins for Editor in 0.00 ms.
Invoked RoslynAnalysisRunner static constructor.
RoslynAnalysisRunner will not be running.
RoslynAnalysisRunner has terminated.
Mono: successfully reloaded assembly
- Completed reload, in  1.665 seconds
Platform modules already initialized, skipping
Refreshing native plugins compatible for Editor in 0.71 ms, found 1 plugins.
Preloading 0 native plugins for Editor in 0.00 ms.
Unloading 2156 Unused Serialized files (Serialized files now loaded: 0)
System memory in use before: 98.4 MB.
System memory in use after: 98.4 MB.

Unloading 12 unused Assets to reduce memory usage. Loaded Objects now: 2628.
Total: 3.466900 ms (FindLiveObjects: 0.411600 ms CreateObjectMapping: 0.127300 ms MarkObjects: 2.766500 ms  DeleteObjects: 0.158700 ms)

========================================================================
Received Import Request.
  Time since last request: 249.503924 seconds.
  path: Assets/ScriptableObjects/PickableProps/Pickups/HealPickup.cs
  artifactKey: Guid(cc724c593448b1c4ebb152031000855c) Importer(815301076,1909f56bfc062723c751e8b465ee728b)
Start importing Assets/ScriptableObjects/PickableProps/Pickups/HealPickup.cs using Guid(cc724c593448b1c4ebb152031000855c) Importer(815301076,1909f56bfc062723c751e8b465ee728b)  -> (artifact id: '0d6653a65664d67abb860e884f5dcec5') in 0.012932 seconds
  Import took 0.024927 seconds .

========================================================================
Received Prepare
Registering precompiled user dll's ...
Registered in 0.001676 seconds.
Begin MonoManager ReloadAssembly
Native extension for WindowsStandalone target not found
Native extension for WebGL target not found
Refreshing native plugins compatible for Editor in 0.65 ms, found 1 plugins.
Preloading 0 native plugins for Editor in 0.00 ms.
Invoked RoslynAnalysisRunner static constructor.
RoslynAnalysisRunner will not be running.
RoslynAnalysisRunner has terminated.
Mono: successfully reloaded assembly
- Completed reload, in  1.495 seconds
Platform modules already initialized, skipping
Refreshing native plugins compatible for Editor in 0.64 ms, found 1 plugins.
Preloading 0 native plugins for Editor in 0.00 ms.
Unloading 2156 Unused Serialized files (Serialized files now loaded: 0)
System memory in use before: 98.4 MB.
System memory in use after: 98.4 MB.

Unloading 12 unused Assets to reduce memory usage. Loaded Objects now: 2632.
Total: 3.478600 ms (FindLiveObjects: 0.260300 ms CreateObjectMapping: 0.120000 ms MarkObjects: 2.945300 ms  DeleteObjects: 0.151400 ms)

========================================================================
Received Import Request.
  Time since last request: 165.042977 seconds.
  path: Assets/ScriptableObjects/PickableProps/Items/ItemSO.cs
  artifactKey: Guid(5e1e13a5221390c4b9eea21a9ba048de) Importer(815301076,1909f56bfc062723c751e8b465ee728b)
Start importing Assets/ScriptableObjects/PickableProps/Items/ItemSO.cs using Guid(5e1e13a5221390c4b9eea21a9ba048de) Importer(815301076,1909f56bfc062723c751e8b465ee728b)  -> (artifact id: '44af7476d90739828f2ee38be62cf81b') in 0.006531 seconds
  Import took 0.019769 seconds .

========================================================================
Received Import Request.
  Time since last request: 3.804475 seconds.
  path: Assets/ScriptableObjects/PickableProps/Pickups/Coins
  artifactKey: Guid(41ca15b2a5bb81f4aa04eea101570949) Importer(815301076,1909f56bfc062723c751e8b465ee728b)
Start importing Assets/ScriptableObjects/PickableProps/Pickups/Coins using Guid(41ca15b2a5bb81f4aa04eea101570949) Importer(815301076,1909f56bfc062723c751e8b465ee728b)  -> (artifact id: '7ca0978c6566822f41a09c952fa3bc8d') in 0.003052 seconds
  Import took 0.017233 seconds .

========================================================================
Received Prepare
Registering precompiled user dll's ...
Registered in 0.001924 seconds.
Begin MonoManager ReloadAssembly
Native extension for WindowsStandalone target not found
Native extension for WebGL target not found
Refreshing native plugins compatible for Editor in 0.61 ms, found 1 plugins.
Preloading 0 native plugins for Editor in 0.00 ms.
Invoked RoslynAnalysisRunner static constructor.
RoslynAnalysisRunner will not be running.
RoslynAnalysisRunner has terminated.
Mono: successfully reloaded assembly
- Completed reload, in  1.542 seconds
Platform modules already initialized, skipping
Refreshing native plugins compatible for Editor in 0.90 ms, found 1 plugins.
Preloading 0 native plugins for Editor in 0.00 ms.
Unloading 2156 Unused Serialized files (Serialized files now loaded: 0)
System memory in use before: 98.4 MB.
System memory in use after: 98.4 MB.

Unloading 12 unused Assets to reduce memory usage. Loaded Objects now: 2636.
Total: 3.491500 ms (FindLiveObjects: 0.305200 ms CreateObjectMapping: 0.128300 ms MarkObjects: 2.893000 ms  DeleteObjects: 0.163100 ms)

========================================================================
Received Import Request.
  Time since last request: 15.097880 seconds.
  path: Assets/ScriptableObjects/PickableProps/Pickups/Heals
  artifactKey: Guid(8f694bf6fbd3a984baeee213db8954db) Importer(815301076,1909f56bfc062723c751e8b465ee728b)
Start importing Assets/ScriptableObjects/PickableProps/Pickups/Heals using Guid(8f694bf6fbd3a984baeee213db8954db) Importer(815301076,1909f56bfc062723c751e8b465ee728b)  -> (artifact id: 'e59ff18ca78ef32cb75e156ea97fc9f9') in 0.008048 seconds
  Import took 0.051667 seconds .

========================================================================
Received Prepare
Registering precompiled user dll's ...
Registered in 0.002404 seconds.
Begin MonoManager ReloadAssembly
Native extension for WindowsStandalone target not found
Native extension for WebGL target not found
Refreshing native plugins compatible for Editor in 0.61 ms, found 1 plugins.
Preloading 0 native plugins for Editor in 0.00 ms.
Invoked RoslynAnalysisRunner static constructor.
RoslynAnalysisRunner will not be running.
RoslynAnalysisRunner has terminated.
Mono: successfully reloaded assembly
- Completed reload, in  1.521 seconds
Platform modules already initialized, skipping
Refreshing native plugins compatible for Editor in 0.62 ms, found 1 plugins.
Preloading 0 native plugins for Editor in 0.00 ms.
Unloading 2156 Unused Serialized files (Serialized files now loaded: 0)
System memory in use before: 98.4 MB.
System memory in use after: 98.4 MB.

Unloading 12 unused Assets to reduce memory usage. Loaded Objects now: 2640.
Total: 3.482200 ms (FindLiveObjects: 0.277300 ms CreateObjectMapping: 0.115400 ms MarkObjects: 2.919200 ms  DeleteObjects: 0.168800 ms)

========================================================================
Received Prepare
Registering precompiled user dll's ...
Registered in 0.002017 seconds.
Begin MonoManager ReloadAssembly
Native extension for WindowsStandalone target not found
Native extension for WebGL target not found
Refreshing native plugins compatible for Editor in 0.65 ms, found 1 plugins.
Preloading 0 native plugins for Editor in 0.00 ms.
Invoked RoslynAnalysisRunner static constructor.
RoslynAnalysisRunner will not be running.
RoslynAnalysisRunner has terminated.
Mono: successfully reloaded assembly
- Completed reload, in  1.500 seconds
Platform modules already initialized, skipping
Refreshing native plugins compatible for Editor in 0.63 ms, found 1 plugins.
Preloading 0 native plugins for Editor in 0.00 ms.
Unloading 2156 Unused Serialized files (Serialized files now loaded: 0)
System memory in use before: 98.5 MB.
System memory in use after: 98.4 MB.

Unloading 12 unused Assets to reduce memory usage. Loaded Objects now: 2644.
Total: 3.973400 ms (FindLiveObjects: 0.467600 ms CreateObjectMapping: 0.166400 ms MarkObjects: 3.181900 ms  DeleteObjects: 0.155700 ms)

========================================================================
Received Import Request.
  Time since last request: 44.349872 seconds.
  path: Assets/ScriptableObjects/PickableProps/Pickups/Coins/BasicCoin.asset
  artifactKey: Guid(84e5964454387df4f8611c2a0bbdf6c3) Importer(815301076,1909f56bfc062723c751e8b465ee728b)
Start importing Assets/ScriptableObjects/PickableProps/Pickups/Coins/BasicCoin.asset using Guid(84e5964454387df4f8611c2a0bbdf6c3) Importer(815301076,1909f56bfc062723c751e8b465ee728b)  -> (artifact id: '5367afaf6b81debde88c1f9d74d4b203') in 0.029069 seconds
  Import took 0.039783 seconds .

========================================================================
Received Prepare
Registering precompiled user dll's ...
Registered in 0.001704 seconds.
Begin MonoManager ReloadAssembly
Native extension for WindowsStandalone target not found
Native extension for WebGL target not found
Refreshing native plugins compatible for Editor in 0.72 ms, found 1 plugins.
Preloading 0 native plugins for Editor in 0.00 ms.
Invoked RoslynAnalysisRunner static constructor.
RoslynAnalysisRunner will not be running.
RoslynAnalysisRunner has terminated.
Mono: successfully reloaded assembly
- Completed reload, in  1.488 seconds
Platform modules already initialized, skipping
Refreshing native plugins compatible for Editor in 0.63 ms, found 1 plugins.
Preloading 0 native plugins for Editor in 0.00 ms.
Unloading 2156 Unused Serialized files (Serialized files now loaded: 0)
System memory in use before: 98.5 MB.
System memory in use after: 98.4 MB.

Unloading 12 unused Assets to reduce memory usage. Loaded Objects now: 2648.
Total: 3.359900 ms (FindLiveObjects: 0.297300 ms CreateObjectMapping: 0.116800 ms MarkObjects: 2.791800 ms  DeleteObjects: 0.151800 ms)

========================================================================
Received Prepare
Registering precompiled user dll's ...
Registered in 0.001537 seconds.
Begin MonoManager ReloadAssembly
Native extension for WindowsStandalone target not found
Native extension for WebGL target not found
Refreshing native plugins compatible for Editor in 0.61 ms, found 1 plugins.
Preloading 0 native plugins for Editor in 0.00 ms.
Invoked RoslynAnalysisRunner static constructor.
RoslynAnalysisRunner will not be running.
RoslynAnalysisRunner has terminated.
Mono: successfully reloaded assembly
- Completed reload, in  1.503 seconds
Platform modules already initialized, skipping
Refreshing native plugins compatible for Editor in 0.69 ms, found 1 plugins.
Preloading 0 native plugins for Editor in 0.00 ms.
Unloading 2156 Unused Serialized files (Serialized files now loaded: 0)
System memory in use before: 98.5 MB.
System memory in use after: 98.5 MB.

Unloading 12 unused Assets to reduce memory usage. Loaded Objects now: 2652.
Total: 3.784100 ms (FindLiveObjects: 0.371700 ms CreateObjectMapping: 0.125300 ms MarkObjects: 3.028000 ms  DeleteObjects: 0.256900 ms)

========================================================================
Received Import Request.
  Time since last request: 75.551435 seconds.
  path: Assets/ScriptableObjects/PickableProps/Pickups/Heals/HealPickup.asset
  artifactKey: Guid(eabe90ba7fd702c49848b8ebfcce9ded) Importer(815301076,1909f56bfc062723c751e8b465ee728b)
Start importing Assets/ScriptableObjects/PickableProps/Pickups/Heals/HealPickup.asset using Guid(eabe90ba7fd702c49848b8ebfcce9ded) Importer(815301076,1909f56bfc062723c751e8b465ee728b)  -> (artifact id: '73d9f88d9757aa01ba8a5ebe5d1610c1') in 0.029028 seconds
  Import took 0.034182 seconds .

========================================================================
Received Import Request.
  Time since last request: 7.237370 seconds.
  path: Assets/ScriptableObjects/PickableProps/Pickups/Heals/BasicHeal.asset
  artifactKey: Guid(eabe90ba7fd702c49848b8ebfcce9ded) Importer(815301076,1909f56bfc062723c751e8b465ee728b)
Start importing Assets/ScriptableObjects/PickableProps/Pickups/Heals/BasicHeal.asset using Guid(eabe90ba7fd702c49848b8ebfcce9ded) Importer(815301076,1909f56bfc062723c751e8b465ee728b)  -> (artifact id: 'e98e62ce07708bd076d0bad4db391342') in 0.003630 seconds
  Import took 0.008464 seconds .

========================================================================
Received Import Request.
  Time since last request: 54.558427 seconds.
  path: Assets/Prefabs/Pickups/Coin.prefab
  artifactKey: Guid(a09b6a6a225130447a4b5d8ba5d2959e) Importer(815301076,1909f56bfc062723c751e8b465ee728b)
Start importing Assets/Prefabs/Pickups/Coin.prefab using Guid(a09b6a6a225130447a4b5d8ba5d2959e) Importer(815301076,1909f56bfc062723c751e8b465ee728b)  -> (artifact id: 'd8e873723cfa86756848dde666493576') in 0.129282 seconds
  Import took 0.135212 seconds .

========================================================================
Received Prepare
Registering precompiled user dll's ...
Registered in 0.001694 seconds.
Begin MonoManager ReloadAssembly
Native extension for WindowsStandalone target not found
Native extension for WebGL target not found
Refreshing native plugins compatible for Editor in 0.64 ms, found 1 plugins.
Preloading 0 native plugins for Editor in 0.00 ms.
Invoked RoslynAnalysisRunner static constructor.
RoslynAnalysisRunner will not be running.
RoslynAnalysisRunner has terminated.
Mono: successfully reloaded assembly
- Completed reload, in  1.512 seconds
Platform modules already initialized, skipping
Refreshing native plugins compatible for Editor in 0.65 ms, found 1 plugins.
Preloading 0 native plugins for Editor in 0.00 ms.
Unloading 2156 Unused Serialized files (Serialized files now loaded: 0)
System memory in use before: 101.5 MB.
System memory in use after: 101.4 MB.

Unloading 12 unused Assets to reduce memory usage. Loaded Objects now: 2663.
Total: 3.651500 ms (FindLiveObjects: 0.309700 ms CreateObjectMapping: 0.127000 ms MarkObjects: 3.052800 ms  DeleteObjects: 0.160200 ms)

========================================================================
Received Import Request.
  Time since last request: 30.215718 seconds.
  path: Assets/Prefabs/Pickups/Heal.prefab
  artifactKey: Guid(764662cc32302024b8767c51fbb601bd) Importer(815301076,1909f56bfc062723c751e8b465ee728b)
Start importing Assets/Prefabs/Pickups/Heal.prefab using Guid(764662cc32302024b8767c51fbb601bd) Importer(815301076,1909f56bfc062723c751e8b465ee728b)  -> (artifact id: 'a5f26f0d3da578bf88dd8be30f26c061') in 0.089715 seconds
  Import took 0.099968 seconds .

========================================================================
Received Import Request.
  Time since last request: 3.127227 seconds.
  path: Assets/Prefabs/Pickups/Heal.prefab
  artifactKey: Guid(764662cc32302024b8767c51fbb601bd) Importer(815301076,1909f56bfc062723c751e8b465ee728b)
Start importing Assets/Prefabs/Pickups/Heal.prefab using Guid(764662cc32302024b8767c51fbb601bd) Importer(815301076,1909f56bfc062723c751e8b465ee728b)  -> (artifact id: '05d9f151db79be4c6b2a8a9cf99f803d') in 0.012896 seconds
  Import took 0.018140 seconds .

========================================================================
Received Import Request.
  Time since last request: 5.826497 seconds.
  path: Assets/Prefabs/Pickups/HealPotion.prefab
  artifactKey: Guid(617a675409c705843990200488ea91ea) Importer(815301076,1909f56bfc062723c751e8b465ee728b)
Start importing Assets/Prefabs/Pickups/HealPotion.prefab using Guid(617a675409c705843990200488ea91ea) Importer(815301076,1909f56bfc062723c751e8b465ee728b)  -> (artifact id: '299d17fc044fa7a25de16b7014c07927') in 0.010695 seconds
  Import took 0.021566 seconds .

========================================================================
Received Import Request.
  Time since last request: 5.289539 seconds.
  path: Assets/Prefabs/Pickups/HealPotion.prefab
  artifactKey: Guid(617a675409c705843990200488ea91ea) Importer(815301076,1909f56bfc062723c751e8b465ee728b)
Start importing Assets/Prefabs/Pickups/HealPotion.prefab using Guid(617a675409c705843990200488ea91ea) Importer(815301076,1909f56bfc062723c751e8b465ee728b)  -> (artifact id: '2d6a0fa6329e8d66e7c6c1b855848133') in 0.013222 seconds
  Import took 0.019073 seconds .

========================================================================
Received Import Request.
  Time since last request: 3.297395 seconds.
  path: Assets/Prefabs/Pickups/SpeedPotion.prefab
  artifactKey: Guid(19fe8ab068fed944d9eaa2469929db99) Importer(815301076,1909f56bfc062723c751e8b465ee728b)
Start importing Assets/Prefabs/Pickups/SpeedPotion.prefab using Guid(19fe8ab068fed944d9eaa2469929db99) Importer(815301076,1909f56bfc062723c751e8b465ee728b)  -> (artifact id: '7581e5aa3ecc2564041f2897ed743340') in 0.011654 seconds
  Import took 0.016733 seconds .

========================================================================
Received Import Request.
  Time since last request: 3.273776 seconds.
  path: Assets/Prefabs/Pickups/SpeedPotion.prefab
  artifactKey: Guid(19fe8ab068fed944d9eaa2469929db99) Importer(815301076,1909f56bfc062723c751e8b465ee728b)
Start importing Assets/Prefabs/Pickups/SpeedPotion.prefab using Guid(19fe8ab068fed944d9eaa2469929db99) Importer(815301076,1909f56bfc062723c751e8b465ee728b)  -> (artifact id: 'd81781f4cbf618111e6ebacf2e342e02') in 0.012115 seconds
  Import took 0.017320 seconds .

========================================================================
Received Prepare
Registering precompiled user dll's ...
Registered in 0.001957 seconds.
Begin MonoManager ReloadAssembly
Native extension for WindowsStandalone target not found
Native extension for WebGL target not found
Refreshing native plugins compatible for Editor in 0.61 ms, found 1 plugins.
Preloading 0 native plugins for Editor in 0.00 ms.
Invoked RoslynAnalysisRunner static constructor.
RoslynAnalysisRunner will not be running.
RoslynAnalysisRunner has terminated.
Mono: successfully reloaded assembly
- Completed reload, in  1.504 seconds
Platform modules already initialized, skipping
Refreshing native plugins compatible for Editor in 0.66 ms, found 1 plugins.
Preloading 0 native plugins for Editor in 0.00 ms.
Unloading 2156 Unused Serialized files (Serialized files now loaded: 0)
System memory in use before: 101.5 MB.
System memory in use after: 101.5 MB.

Unloading 12 unused Assets to reduce memory usage. Loaded Objects now: 2668.
Total: 3.520800 ms (FindLiveObjects: 0.310100 ms CreateObjectMapping: 0.123200 ms MarkObjects: 2.933000 ms  DeleteObjects: 0.152800 ms)

========================================================================
Received Import Request.
  Time since last request: 64.046160 seconds.
  path: Assets/ScriptableObjects/InteractableProps/InteractableSO.cs
  artifactKey: Guid(b8f3ca330cc47bd43b1603b0dfeba344) Importer(815301076,1909f56bfc062723c751e8b465ee728b)
Start importing Assets/ScriptableObjects/InteractableProps/InteractableSO.cs using Guid(b8f3ca330cc47bd43b1603b0dfeba344) Importer(815301076,1909f56bfc062723c751e8b465ee728b)  -> (artifact id: '7d37b596446e70741bb149ac39b45a2b') in 0.007018 seconds
  Import took 0.017273 seconds .

========================================================================
Received Import Request.
  Time since last request: 2.197420 seconds.
  path: Assets/ScriptableObjects/InteractableProps/Chest.asset
  artifactKey: Guid(815941a7a14445243a6db6b47d532528) Importer(815301076,1909f56bfc062723c751e8b465ee728b)
Start importing Assets/ScriptableObjects/InteractableProps/Chest.asset using Guid(815941a7a14445243a6db6b47d532528) Importer(815301076,1909f56bfc062723c751e8b465ee728b)  -> (artifact id: '0a06a81f5ffbdc487dcc53de143b6a37') in 0.016630 seconds
  Import took 0.026651 seconds .

========================================================================
Received Import Request.
  Time since last request: 0.011078 seconds.
  path: Assets/ScriptableObjects/InteractableProps/Chest.asset
  artifactKey: Guid(815941a7a14445243a6db6b47d532528) Importer(815301076,1909f56bfc062723c751e8b465ee728b)
Start importing Assets/ScriptableObjects/InteractableProps/Chest.asset using Guid(815941a7a14445243a6db6b47d532528) Importer(815301076,1909f56bfc062723c751e8b465ee728b)  -> (artifact id: '0a06a81f5ffbdc487dcc53de143b6a37') in 0.004240 seconds
  Import took 0.009092 seconds .

========================================================================
Received Prepare
Registering precompiled user dll's ...
Registered in 0.001659 seconds.
Begin MonoManager ReloadAssembly
Native extension for WindowsStandalone target not found
Native extension for WebGL target not found
Refreshing native plugins compatible for Editor in 0.69 ms, found 1 plugins.
Preloading 0 native plugins for Editor in 0.00 ms.
Invoked RoslynAnalysisRunner static constructor.
RoslynAnalysisRunner will not be running.
RoslynAnalysisRunner has terminated.
Mono: successfully reloaded assembly
- Completed reload, in  1.561 seconds
Platform modules already initialized, skipping
Refreshing native plugins compatible for Editor in 0.64 ms, found 1 plugins.
Preloading 0 native plugins for Editor in 0.00 ms.
Unloading 2156 Unused Serialized files (Serialized files now loaded: 0)
System memory in use before: 101.5 MB.
System memory in use after: 101.5 MB.

Unloading 12 unused Assets to reduce memory usage. Loaded Objects now: 2672.
Total: 3.617000 ms (FindLiveObjects: 0.270100 ms CreateObjectMapping: 0.113000 ms MarkObjects: 3.078700 ms  DeleteObjects: 0.153500 ms)

========================================================================
Received Prepare
Registering precompiled user dll's ...
Registered in 0.001699 seconds.
Begin MonoManager ReloadAssembly
Native extension for WindowsStandalone target not found
Native extension for WebGL target not found
Refreshing native plugins compatible for Editor in 0.67 ms, found 1 plugins.
Preloading 0 native plugins for Editor in 0.00 ms.
Invoked RoslynAnalysisRunner static constructor.
RoslynAnalysisRunner will not be running.
RoslynAnalysisRunner has terminated.
Mono: successfully reloaded assembly
- Completed reload, in  1.512 seconds
Platform modules already initialized, skipping
Refreshing native plugins compatible for Editor in 0.65 ms, found 1 plugins.
Preloading 0 native plugins for Editor in 0.00 ms.
Unloading 2157 Unused Serialized files (Serialized files now loaded: 0)
System memory in use before: 101.5 MB.
System memory in use after: 101.5 MB.

Unloading 12 unused Assets to reduce memory usage. Loaded Objects now: 2677.
Total: 3.705800 ms (FindLiveObjects: 0.320600 ms CreateObjectMapping: 0.140600 ms MarkObjects: 3.027400 ms  DeleteObjects: 0.215400 ms)

========================================================================
Received Import Request.
  Time since last request: 213.669947 seconds.
  path: Assets/ScriptableObjects/InteractableProps/NewBehaviourScript.cs
  artifactKey: Guid(45551e36a17c365459ab7e43492060b5) Importer(815301076,1909f56bfc062723c751e8b465ee728b)
Start importing Assets/ScriptableObjects/InteractableProps/NewBehaviourScript.cs using Guid(45551e36a17c365459ab7e43492060b5) Importer(815301076,1909f56bfc062723c751e8b465ee728b)  -> (artifact id: '890ce3d4719a934465f2e3976f184188') in 0.007143 seconds
  Import took 0.017001 seconds .

========================================================================
Received Prepare
Registering precompiled user dll's ...
Registered in 0.001672 seconds.
Begin MonoManager ReloadAssembly
Native extension for WindowsStandalone target not found
Native extension for WebGL target not found
Refreshing native plugins compatible for Editor in 0.64 ms, found 1 plugins.
Preloading 0 native plugins for Editor in 0.00 ms.
Invoked RoslynAnalysisRunner static constructor.
RoslynAnalysisRunner will not be running.
RoslynAnalysisRunner has terminated.
Mono: successfully reloaded assembly
- Completed reload, in  1.477 seconds
Platform modules already initialized, skipping
Refreshing native plugins compatible for Editor in 0.65 ms, found 1 plugins.
Preloading 0 native plugins for Editor in 0.00 ms.
Unloading 2157 Unused Serialized files (Serialized files now loaded: 0)
System memory in use before: 101.5 MB.
System memory in use after: 101.5 MB.

Unloading 12 unused Assets to reduce memory usage. Loaded Objects now: 2681.
Total: 3.742100 ms (FindLiveObjects: 0.355400 ms CreateObjectMapping: 0.115700 ms MarkObjects: 3.115600 ms  DeleteObjects: 0.153800 ms)

========================================================================
Received Import Request.
  Time since last request: 8.868454 seconds.
  path: Assets/ScriptableObjects/PickableProps/Pickups/PickupSO.cs
  artifactKey: Guid(b7dccb289c1bcd7429c979f1301a9d03) Importer(815301076,1909f56bfc062723c751e8b465ee728b)
Start importing Assets/ScriptableObjects/PickableProps/Pickups/PickupSO.cs using Guid(b7dccb289c1bcd7429c979f1301a9d03) Importer(815301076,1909f56bfc062723c751e8b465ee728b)  -> (artifact id: '816a3af8d33c835ffa9623787a738468') in 0.007209 seconds
  Import took 0.017414 seconds .

========================================================================
Received Prepare
Registering precompiled user dll's ...
Registered in 0.001577 seconds.
Begin MonoManager ReloadAssembly
Native extension for WindowsStandalone target not found
Native extension for WebGL target not found
Refreshing native plugins compatible for Editor in 0.65 ms, found 1 plugins.
Preloading 0 native plugins for Editor in 0.00 ms.
Invoked RoslynAnalysisRunner static constructor.
RoslynAnalysisRunner will not be running.
RoslynAnalysisRunner has terminated.
Mono: successfully reloaded assembly
- Completed reload, in  1.656 seconds
Platform modules already initialized, skipping
Refreshing native plugins compatible for Editor in 0.62 ms, found 1 plugins.
Preloading 0 native plugins for Editor in 0.00 ms.
Unloading 2157 Unused Serialized files (Serialized files now loaded: 0)
System memory in use before: 101.6 MB.
System memory in use after: 101.5 MB.

Unloading 12 unused Assets to reduce memory usage. Loaded Objects now: 2685.
Total: 4.838300 ms (FindLiveObjects: 0.496200 ms CreateObjectMapping: 0.172700 ms MarkObjects: 3.980700 ms  DeleteObjects: 0.186600 ms)

========================================================================
Received Import Request.
  Time since last request: 38.929416 seconds.
  path: Assets/ScriptableObjects/InteractableProps/Chests
  artifactKey: Guid(26ef10e5528a275409a76fbcf505a1cc) Importer(815301076,1909f56bfc062723c751e8b465ee728b)
Start importing Assets/ScriptableObjects/InteractableProps/Chests using Guid(26ef10e5528a275409a76fbcf505a1cc) Importer(815301076,1909f56bfc062723c751e8b465ee728b)  -> (artifact id: '3a87cbd0df234678e076816bb5ecc10e') in 0.008402 seconds
  Import took 0.015120 seconds .

========================================================================
Received Import Request.
  Time since last request: 11.152454 seconds.
  path: Assets/ScriptableObjects/InteractableProps/Chests/ChestSO.cs
  artifactKey: Guid(6e2ba00907429094cb19a7f88bfeac3f) Importer(815301076,1909f56bfc062723c751e8b465ee728b)
Start importing Assets/ScriptableObjects/InteractableProps/Chests/ChestSO.cs using Guid(6e2ba00907429094cb19a7f88bfeac3f) Importer(815301076,1909f56bfc062723c751e8b465ee728b)  -> (artifact id: '3b55a88783ee8adb547d96bfd51d5fef') in 0.002877 seconds
  Import took 0.008569 seconds .

========================================================================
Received Prepare
Registering precompiled user dll's ...
Registered in 0.001646 seconds.
Begin MonoManager ReloadAssembly
Native extension for WindowsStandalone target not found
Native extension for WebGL target not found
Refreshing native plugins compatible for Editor in 0.62 ms, found 1 plugins.
Preloading 0 native plugins for Editor in 0.00 ms.
Invoked RoslynAnalysisRunner static constructor.
RoslynAnalysisRunner will not be running.
RoslynAnalysisRunner has terminated.
Mono: successfully reloaded assembly
- Completed reload, in  1.498 seconds
Platform modules already initialized, skipping
Refreshing native plugins compatible for Editor in 0.63 ms, found 1 plugins.
Preloading 0 native plugins for Editor in 0.00 ms.
Unloading 2158 Unused Serialized files (Serialized files now loaded: 0)
System memory in use before: 101.6 MB.
System memory in use after: 101.6 MB.

Unloading 12 unused Assets to reduce memory usage. Loaded Objects now: 2690.
Total: 3.509000 ms (FindLiveObjects: 0.326700 ms CreateObjectMapping: 0.154700 ms MarkObjects: 2.867800 ms  DeleteObjects: 0.157700 ms)

========================================================================
Received Import Request.
  Time since last request: 7.152111 seconds.
  path: Assets/ScriptableObjects/PickableProps/Pickups/Coins/CoinPickup.cs
  artifactKey: Guid(249ddcb2d65e35d448c4e4f341c8bd0e) Importer(815301076,1909f56bfc062723c751e8b465ee728b)
Start importing Assets/ScriptableObjects/PickableProps/Pickups/Coins/CoinPickup.cs using Guid(249ddcb2d65e35d448c4e4f341c8bd0e) Importer(815301076,1909f56bfc062723c751e8b465ee728b)  -> (artifact id: '6e25410eecde5609ccc009d65628cd47') in 0.006929 seconds
  Import took 0.012572 seconds .

========================================================================
Received Import Request.
  Time since last request: 4.762552 seconds.
  path: Assets/ScriptableObjects/PickableProps/Pickups/Coins/CoinPickupSO.cs
  artifactKey: Guid(249ddcb2d65e35d448c4e4f341c8bd0e) Importer(815301076,1909f56bfc062723c751e8b465ee728b)
Start importing Assets/ScriptableObjects/PickableProps/Pickups/Coins/CoinPickupSO.cs using Guid(249ddcb2d65e35d448c4e4f341c8bd0e) Importer(815301076,1909f56bfc062723c751e8b465ee728b)  -> (artifact id: '41e02654edfe2374a160b512dd4a42fa') in 0.003020 seconds
  Import took 0.014456 seconds .

========================================================================
Received Prepare
Registering precompiled user dll's ...
Registered in 0.001624 seconds.
Begin MonoManager ReloadAssembly
Native extension for WindowsStandalone target not found
Native extension for WebGL target not found
Refreshing native plugins compatible for Editor in 0.66 ms, found 1 plugins.
Preloading 0 native plugins for Editor in 0.00 ms.
Invoked RoslynAnalysisRunner static constructor.
RoslynAnalysisRunner will not be running.
RoslynAnalysisRunner has terminated.
Mono: successfully reloaded assembly
- Completed reload, in  1.648 seconds
Platform modules already initialized, skipping
Refreshing native plugins compatible for Editor in 0.66 ms, found 1 plugins.
Preloading 0 native plugins for Editor in 0.00 ms.
Unloading 2158 Unused Serialized files (Serialized files now loaded: 0)
System memory in use before: 101.6 MB.
System memory in use after: 101.6 MB.

Unloading 12 unused Assets to reduce memory usage. Loaded Objects now: 2694.
Total: 4.109700 ms (FindLiveObjects: 0.580900 ms CreateObjectMapping: 0.151800 ms MarkObjects: 3.193400 ms  DeleteObjects: 0.180800 ms)

========================================================================
Received Prepare
Registering precompiled user dll's ...
Registered in 0.001638 seconds.
Begin MonoManager ReloadAssembly
Native extension for WindowsStandalone target not found
Native extension for WebGL target not found
Refreshing native plugins compatible for Editor in 0.69 ms, found 1 plugins.
Preloading 0 native plugins for Editor in 0.00 ms.
Invoked RoslynAnalysisRunner static constructor.
RoslynAnalysisRunner will not be running.
RoslynAnalysisRunner has terminated.
Mono: successfully reloaded assembly
- Completed reload, in  1.493 seconds
Platform modules already initialized, skipping
Refreshing native plugins compatible for Editor in 0.71 ms, found 1 plugins.
Preloading 0 native plugins for Editor in 0.00 ms.
Unloading 2158 Unused Serialized files (Serialized files now loaded: 0)
System memory in use before: 101.6 MB.
System memory in use after: 101.6 MB.

Unloading 12 unused Assets to reduce memory usage. Loaded Objects now: 2698.
Total: 3.700200 ms (FindLiveObjects: 0.330900 ms CreateObjectMapping: 0.113300 ms MarkObjects: 3.096300 ms  DeleteObjects: 0.157900 ms)

========================================================================
Received Import Request.
  Time since last request: 17.873040 seconds.
  path: Assets/ScriptableObjects/PickableProps/Pickups/Coins/CoinPickupSO.cs
  artifactKey: Guid(249ddcb2d65e35d448c4e4f341c8bd0e) Importer(815301076,1909f56bfc062723c751e8b465ee728b)
Start importing Assets/ScriptableObjects/PickableProps/Pickups/Coins/CoinPickupSO.cs using Guid(249ddcb2d65e35d448c4e4f341c8bd0e) Importer(815301076,1909f56bfc062723c751e8b465ee728b)  -> (artifact id: '3584b49632dffaae85655a48ce380df1') in 0.006543 seconds
  Import took 0.016793 seconds .

========================================================================
Received Import Request.
  Time since last request: 5.353630 seconds.
  path: Assets/ScriptableObjects/PickableProps/Pickups/Heals/HealPickupSO.cs
  artifactKey: Guid(cc724c593448b1c4ebb152031000855c) Importer(815301076,1909f56bfc062723c751e8b465ee728b)
Start importing Assets/ScriptableObjects/PickableProps/Pickups/Heals/HealPickupSO.cs using Guid(cc724c593448b1c4ebb152031000855c) Importer(815301076,1909f56bfc062723c751e8b465ee728b)  -> (artifact id: '9d04e0af394e25f122f16a14fd19a401') in 0.002841 seconds
  Import took 0.015715 seconds .

========================================================================
Received Prepare
Registering precompiled user dll's ...
Registered in 0.001602 seconds.
Begin MonoManager ReloadAssembly
Native extension for WindowsStandalone target not found
Native extension for WebGL target not found
Refreshing native plugins compatible for Editor in 0.66 ms, found 1 plugins.
Preloading 0 native plugins for Editor in 0.00 ms.
Invoked RoslynAnalysisRunner static constructor.
RoslynAnalysisRunner will not be running.
RoslynAnalysisRunner has terminated.
Mono: successfully reloaded assembly
- Completed reload, in  1.615 seconds
Platform modules already initialized, skipping
Refreshing native plugins compatible for Editor in 0.63 ms, found 1 plugins.
Preloading 0 native plugins for Editor in 0.01 ms.
Unloading 2158 Unused Serialized files (Serialized files now loaded: 0)
System memory in use before: 101.6 MB.
System memory in use after: 101.6 MB.

Unloading 12 unused Assets to reduce memory usage. Loaded Objects now: 2702.
Total: 4.453300 ms (FindLiveObjects: 0.586700 ms CreateObjectMapping: 0.208100 ms MarkObjects: 3.486100 ms  DeleteObjects: 0.166800 ms)

========================================================================
Received Prepare
Registering precompiled user dll's ...
Registered in 0.002190 seconds.
Begin MonoManager ReloadAssembly
Native extension for WindowsStandalone target not found
Native extension for WebGL target not found
Refreshing native plugins compatible for Editor in 0.63 ms, found 1 plugins.
Preloading 0 native plugins for Editor in 0.00 ms.
Invoked RoslynAnalysisRunner static constructor.
RoslynAnalysisRunner will not be running.
RoslynAnalysisRunner has terminated.
Mono: successfully reloaded assembly
- Completed reload, in  1.504 seconds
Platform modules already initialized, skipping
Refreshing native plugins compatible for Editor in 0.65 ms, found 1 plugins.
Preloading 0 native plugins for Editor in 0.00 ms.
Unloading 2158 Unused Serialized files (Serialized files now loaded: 0)
System memory in use before: 101.6 MB.
System memory in use after: 101.6 MB.

Unloading 12 unused Assets to reduce memory usage. Loaded Objects now: 2706.
Total: 4.062400 ms (FindLiveObjects: 0.296500 ms CreateObjectMapping: 0.114600 ms MarkObjects: 3.495000 ms  DeleteObjects: 0.154800 ms)

========================================================================
Received Import Request.
  Time since last request: 20.549274 seconds.
  path: Assets/ScriptableObjects/PickableProps/Pickups/Heals/HealPickupSO.cs
  artifactKey: Guid(cc724c593448b1c4ebb152031000855c) Importer(815301076,1909f56bfc062723c751e8b465ee728b)
Start importing Assets/ScriptableObjects/PickableProps/Pickups/Heals/HealPickupSO.cs using Guid(cc724c593448b1c4ebb152031000855c) Importer(815301076,1909f56bfc062723c751e8b465ee728b)  -> (artifact id: '179ddc2a80bc35db73eeb861e883b9b8') in 0.008439 seconds
  Import took 0.013260 seconds .

========================================================================
Received Import Request.
  Time since last request: 202.207144 seconds.
  path: Assets/ScriptableObjects/InteractableProps/Chests/ChestSO.cs
  artifactKey: Guid(6e2ba00907429094cb19a7f88bfeac3f) Importer(815301076,1909f56bfc062723c751e8b465ee728b)
Start importing Assets/ScriptableObjects/InteractableProps/Chests/ChestSO.cs using Guid(6e2ba00907429094cb19a7f88bfeac3f) Importer(815301076,1909f56bfc062723c751e8b465ee728b)  -> (artifact id: '7eae143b6f3e98bf348b715c596946f3') in 0.007975 seconds
  Import took 0.014011 seconds .

========================================================================
Received Import Request.
  Time since last request: 217.453300 seconds.
  path: Assets/ScriptableObjects/InteractableProps/NPC/DialogSO.cs
  artifactKey: Guid(229fbb13129102341842783c570b6cdb) Importer(815301076,1909f56bfc062723c751e8b465ee728b)
Start importing Assets/ScriptableObjects/InteractableProps/NPC/DialogSO.cs using Guid(229fbb13129102341842783c570b6cdb) Importer(815301076,1909f56bfc062723c751e8b465ee728b)  -> (artifact id: '6e745cb3ba12845687ba604b2b0a9520') in 0.003361 seconds
  Import took 0.014820 seconds .

========================================================================
Received Import Request.
  Time since last request: 18.915381 seconds.
  path: Assets/ScriptableObjects/InteractableProps/BasicChest.asset
  artifactKey: Guid(815941a7a14445243a6db6b47d532528) Importer(815301076,1909f56bfc062723c751e8b465ee728b)
Start importing Assets/ScriptableObjects/InteractableProps/BasicChest.asset using Guid(815941a7a14445243a6db6b47d532528) Importer(815301076,1909f56bfc062723c751e8b465ee728b)  -> (artifact id: '23afc5fb524d63281876edc46d1cdaa6') in 0.018940 seconds
  Import took 0.025216 seconds .

========================================================================
Received Prepare
Registering precompiled user dll's ...
Registered in 0.001925 seconds.
Begin MonoManager ReloadAssembly
Native extension for WindowsStandalone target not found
Native extension for WebGL target not found
Refreshing native plugins compatible for Editor in 0.80 ms, found 1 plugins.
Preloading 0 native plugins for Editor in 0.00 ms.
Invoked RoslynAnalysisRunner static constructor.
RoslynAnalysisRunner will not be running.
RoslynAnalysisRunner has terminated.
Mono: successfully reloaded assembly
- Completed reload, in  1.467 seconds
Platform modules already initialized, skipping
Refreshing native plugins compatible for Editor in 0.65 ms, found 1 plugins.
Preloading 0 native plugins for Editor in 0.00 ms.
Unloading 2158 Unused Serialized files (Serialized files now loaded: 0)
System memory in use before: 101.6 MB.
System memory in use after: 101.6 MB.

Unloading 12 unused Assets to reduce memory usage. Loaded Objects now: 2710.
Total: 3.537300 ms (FindLiveObjects: 0.296000 ms CreateObjectMapping: 0.112800 ms MarkObjects: 2.952200 ms  DeleteObjects: 0.151600 ms)

========================================================================
Received Import Request.
  Time since last request: 263.653964 seconds.
  path: Assets/ScriptableObjects/InteractableProps/Chests/ChestSO.cs
  artifactKey: Guid(6e2ba00907429094cb19a7f88bfeac3f) Importer(815301076,1909f56bfc062723c751e8b465ee728b)
Start importing Assets/ScriptableObjects/InteractableProps/Chests/ChestSO.cs using Guid(6e2ba00907429094cb19a7f88bfeac3f) Importer(815301076,1909f56bfc062723c751e8b465ee728b)  -> (artifact id: '942bf409aab856518f1d0cec337eb512') in 0.007652 seconds
  Import took 0.017708 seconds .

========================================================================
Received Import Request.
  Time since last request: 0.030931 seconds.
  path: Assets/ScriptableObjects/InteractableProps/Chests/ChestSO.cs
  artifactKey: Guid(6e2ba00907429094cb19a7f88bfeac3f) Importer(815301076,1909f56bfc062723c751e8b465ee728b)
Start importing Assets/ScriptableObjects/InteractableProps/Chests/ChestSO.cs using Guid(6e2ba00907429094cb19a7f88bfeac3f) Importer(815301076,1909f56bfc062723c751e8b465ee728b)  -> (artifact id: '942bf409aab856518f1d0cec337eb512') in 0.002765 seconds
  Import took 0.007928 seconds .

========================================================================
Received Import Request.
  Time since last request: 4.833807 seconds.
  path: Assets/Prefabs/Pickups/Chest.prefab
  artifactKey: Guid(7f0bb3d519a6b4b49a4c3f88379c3230) Importer(815301076,1909f56bfc062723c751e8b465ee728b)
Start importing Assets/Prefabs/Pickups/Chest.prefab using Guid(7f0bb3d519a6b4b49a4c3f88379c3230) Importer(815301076,1909f56bfc062723c751e8b465ee728b)  -> (artifact id: '54fd591379ecaf4c66a82d816124eda6') in 0.081895 seconds
  Import took 0.087733 seconds .

========================================================================
Received Import Request.
  Time since last request: 0.012880 seconds.
  path: Assets/Prefabs/Pickups/Chest.prefab
  artifactKey: Guid(7f0bb3d519a6b4b49a4c3f88379c3230) Importer(815301076,1909f56bfc062723c751e8b465ee728b)
Start importing Assets/Prefabs/Pickups/Chest.prefab using Guid(7f0bb3d519a6b4b49a4c3f88379c3230) Importer(815301076,1909f56bfc062723c751e8b465ee728b)  -> (artifact id: '54fd591379ecaf4c66a82d816124eda6') in 0.011978 seconds
  Import took 0.017308 seconds .

========================================================================
Received Prepare
Registering precompiled user dll's ...
Registered in 0.001679 seconds.
Begin MonoManager ReloadAssembly
Native extension for WindowsStandalone target not found
Native extension for WebGL target not found
Refreshing native plugins compatible for Editor in 0.61 ms, found 1 plugins.
Preloading 0 native plugins for Editor in 0.00 ms.
Invoked RoslynAnalysisRunner static constructor.
RoslynAnalysisRunner will not be running.
RoslynAnalysisRunner has terminated.
Mono: successfully reloaded assembly
- Completed reload, in  1.502 seconds
Platform modules already initialized, skipping
Refreshing native plugins compatible for Editor in 0.74 ms, found 1 plugins.
Preloading 0 native plugins for Editor in 0.00 ms.
Unloading 2158 Unused Serialized files (Serialized files now loaded: 0)
System memory in use before: 101.7 MB.
System memory in use after: 101.6 MB.

Unloading 12 unused Assets to reduce memory usage. Loaded Objects now: 2715.
Total: 3.573800 ms (FindLiveObjects: 0.296000 ms CreateObjectMapping: 0.130400 ms MarkObjects: 2.977000 ms  DeleteObjects: 0.168000 ms)

========================================================================
Received Prepare
Registering precompiled user dll's ...
Registered in 0.001724 seconds.
Begin MonoManager ReloadAssembly
Native extension for WindowsStandalone target not found
Native extension for WebGL target not found
Refreshing native plugins compatible for Editor in 0.70 ms, found 1 plugins.
Preloading 0 native plugins for Editor in 0.00 ms.
Invoked RoslynAnalysisRunner static constructor.
RoslynAnalysisRunner will not be running.
RoslynAnalysisRunner has terminated.
Mono: successfully reloaded assembly
- Completed reload, in  1.485 seconds
Platform modules already initialized, skipping
Refreshing native plugins compatible for Editor in 0.73 ms, found 1 plugins.
Preloading 0 native plugins for Editor in 0.00 ms.
Unloading 2158 Unused Serialized files (Serialized files now loaded: 0)
System memory in use before: 101.8 MB.
System memory in use after: 101.7 MB.

Unloading 12 unused Assets to reduce memory usage. Loaded Objects now: 2719.
Total: 3.766400 ms (FindLiveObjects: 0.295000 ms CreateObjectMapping: 0.116600 ms MarkObjects: 3.197900 ms  DeleteObjects: 0.155400 ms)

========================================================================
Received Import Request.
  Time since last request: 180.649340 seconds.
  path: Assets/ScriptableObjects/InteractableProps/Chests/BasicChest 1.asset
  artifactKey: Guid(a222d9f8a83a55b4d861d7d7f87ab9b9) Importer(815301076,1909f56bfc062723c751e8b465ee728b)
Start importing Assets/ScriptableObjects/InteractableProps/Chests/BasicChest 1.asset using Guid(a222d9f8a83a55b4d861d7d7f87ab9b9) Importer(815301076,1909f56bfc062723c751e8b465ee728b)  -> (artifact id: 'e9426e8021595809bfc4abb87484eb8a') in 0.024512 seconds
  Import took 0.029640 seconds .

========================================================================
Received Import Request.
  Time since last request: 13.292805 seconds.
  path: Assets/ScriptableObjects/InteractableProps/Chests/BasicChest.asset
  artifactKey: Guid(a222d9f8a83a55b4d861d7d7f87ab9b9) Importer(815301076,1909f56bfc062723c751e8b465ee728b)
Start importing Assets/ScriptableObjects/InteractableProps/Chests/BasicChest.asset using Guid(a222d9f8a83a55b4d861d7d7f87ab9b9) Importer(815301076,1909f56bfc062723c751e8b465ee728b)  -> (artifact id: '07b32d23303bc2e8ef9490e84dbd6c09') in 0.003455 seconds
  Import took 0.009101 seconds .

========================================================================
Received Prepare
Registering precompiled user dll's ...
Registered in 0.001562 seconds.
Begin MonoManager ReloadAssembly
Native extension for WindowsStandalone target not found
Native extension for WebGL target not found
Refreshing native plugins compatible for Editor in 0.61 ms, found 1 plugins.
Preloading 0 native plugins for Editor in 0.00 ms.
Invoked RoslynAnalysisRunner static constructor.
RoslynAnalysisRunner will not be running.
RoslynAnalysisRunner has terminated.
Mono: successfully reloaded assembly
- Completed reload, in  1.496 seconds
Platform modules already initialized, skipping
Refreshing native plugins compatible for Editor in 0.73 ms, found 1 plugins.
Preloading 0 native plugins for Editor in 0.00 ms.
Unloading 2158 Unused Serialized files (Serialized files now loaded: 0)
System memory in use before: 101.8 MB.
System memory in use after: 101.8 MB.

Unloading 12 unused Assets to reduce memory usage. Loaded Objects now: 2723.
Total: 3.386100 ms (FindLiveObjects: 0.343400 ms CreateObjectMapping: 0.128700 ms MarkObjects: 2.757200 ms  DeleteObjects: 0.155200 ms)

========================================================================
Received Prepare
Registering precompiled user dll's ...
Registered in 0.001700 seconds.
Begin MonoManager ReloadAssembly
Native extension for WindowsStandalone target not found
Native extension for WebGL target not found
Refreshing native plugins compatible for Editor in 0.65 ms, found 1 plugins.
Preloading 0 native plugins for Editor in 0.00 ms.
Invoked RoslynAnalysisRunner static constructor.
RoslynAnalysisRunner will not be running.
RoslynAnalysisRunner has terminated.
Mono: successfully reloaded assembly
- Completed reload, in  1.474 seconds
Platform modules already initialized, skipping
Refreshing native plugins compatible for Editor in 0.67 ms, found 1 plugins.
Preloading 0 native plugins for Editor in 0.00 ms.
Unloading 2158 Unused Serialized files (Serialized files now loaded: 0)
System memory in use before: 101.8 MB.
System memory in use after: 101.9 MB.

Unloading 12 unused Assets to reduce memory usage. Loaded Objects now: 2727.
Total: 3.793600 ms (FindLiveObjects: 0.554900 ms CreateObjectMapping: 0.157100 ms MarkObjects: 2.915700 ms  DeleteObjects: 0.163900 ms)

========================================================================
Received Prepare
Registering precompiled user dll's ...
Registered in 0.001635 seconds.
Begin MonoManager ReloadAssembly
Native extension for WindowsStandalone target not found
Native extension for WebGL target not found
Refreshing native plugins compatible for Editor in 0.72 ms, found 1 plugins.
Preloading 0 native plugins for Editor in 0.00 ms.
Invoked RoslynAnalysisRunner static constructor.
RoslynAnalysisRunner will not be running.
RoslynAnalysisRunner has terminated.
Mono: successfully reloaded assembly
- Completed reload, in  1.533 seconds
Platform modules already initialized, skipping
Refreshing native plugins compatible for Editor in 0.66 ms, found 1 plugins.
Preloading 0 native plugins for Editor in 0.00 ms.
Unloading 2158 Unused Serialized files (Serialized files now loaded: 0)
System memory in use before: 101.8 MB.
System memory in use after: 101.9 MB.

Unloading 12 unused Assets to reduce memory usage. Loaded Objects now: 2731.
Total: 3.668900 ms (FindLiveObjects: 0.344900 ms CreateObjectMapping: 0.139400 ms MarkObjects: 3.027700 ms  DeleteObjects: 0.155100 ms)

========================================================================
Received Prepare
Registering precompiled user dll's ...
Registered in 0.001527 seconds.
Begin MonoManager ReloadAssembly
Native extension for WindowsStandalone target not found
Native extension for WebGL target not found
Refreshing native plugins compatible for Editor in 0.62 ms, found 1 plugins.
Preloading 0 native plugins for Editor in 0.00 ms.
Invoked RoslynAnalysisRunner static constructor.
RoslynAnalysisRunner will not be running.
RoslynAnalysisRunner has terminated.
Mono: successfully reloaded assembly
- Completed reload, in  1.501 seconds
Platform modules already initialized, skipping
Refreshing native plugins compatible for Editor in 0.67 ms, found 1 plugins.
Preloading 0 native plugins for Editor in 0.00 ms.
Unloading 2158 Unused Serialized files (Serialized files now loaded: 0)
System memory in use before: 101.8 MB.
System memory in use after: 101.9 MB.

Unloading 12 unused Assets to reduce memory usage. Loaded Objects now: 2735.
Total: 3.656000 ms (FindLiveObjects: 0.371500 ms CreateObjectMapping: 0.135300 ms MarkObjects: 2.983500 ms  DeleteObjects: 0.163700 ms)

========================================================================
Received Prepare
Registering precompiled user dll's ...
Registered in 0.001646 seconds.
Begin MonoManager ReloadAssembly
Native extension for WindowsStandalone target not found
Native extension for WebGL target not found
Refreshing native plugins compatible for Editor in 0.63 ms, found 1 plugins.
Preloading 0 native plugins for Editor in 0.00 ms.
Invoked RoslynAnalysisRunner static constructor.
RoslynAnalysisRunner will not be running.
RoslynAnalysisRunner has terminated.
Mono: successfully reloaded assembly
- Completed reload, in  1.488 seconds
Platform modules already initialized, skipping
Refreshing native plugins compatible for Editor in 0.81 ms, found 1 plugins.
Preloading 0 native plugins for Editor in 0.00 ms.
Unloading 2158 Unused Serialized files (Serialized files now loaded: 0)
System memory in use before: 101.8 MB.
System memory in use after: 101.9 MB.

Unloading 12 unused Assets to reduce memory usage. Loaded Objects now: 2739.
Total: 3.799600 ms (FindLiveObjects: 0.349500 ms CreateObjectMapping: 0.142100 ms MarkObjects: 3.136700 ms  DeleteObjects: 0.169200 ms)

========================================================================
Received Import Request.
  Time since last request: 349.889630 seconds.
  path: Assets/Prefabs/Pickups/Coin.prefab
  artifactKey: Guid(a09b6a6a225130447a4b5d8ba5d2959e) Importer(815301076,1909f56bfc062723c751e8b465ee728b)
Start importing Assets/Prefabs/Pickups/Coin.prefab using Guid(a09b6a6a225130447a4b5d8ba5d2959e) Importer(815301076,1909f56bfc062723c751e8b465ee728b)  -> (artifact id: '3429c1bcbb44b7f3e3c4e3c38472131d') in 0.085063 seconds
  Import took 0.094944 seconds .

========================================================================
Received Import Request.
  Time since last request: 0.034172 seconds.
  path: Assets/Prefabs/Pickups/Coin.prefab
  artifactKey: Guid(a09b6a6a225130447a4b5d8ba5d2959e) Importer(815301076,1909f56bfc062723c751e8b465ee728b)
Start importing Assets/Prefabs/Pickups/Coin.prefab using Guid(a09b6a6a225130447a4b5d8ba5d2959e) Importer(815301076,1909f56bfc062723c751e8b465ee728b)  -> (artifact id: '3429c1bcbb44b7f3e3c4e3c38472131d') in 0.012529 seconds
  Import took 0.018118 seconds .

========================================================================
Received Prepare
Registering precompiled user dll's ...
Registered in 0.001696 seconds.
Begin MonoManager ReloadAssembly
Native extension for WindowsStandalone target not found
Native extension for WebGL target not found
Refreshing native plugins compatible for Editor in 0.61 ms, found 1 plugins.
Preloading 0 native plugins for Editor in 0.00 ms.
Invoked RoslynAnalysisRunner static constructor.
RoslynAnalysisRunner will not be running.
RoslynAnalysisRunner has terminated.
Mono: successfully reloaded assembly
- Completed reload, in  1.484 seconds
Platform modules already initialized, skipping
Refreshing native plugins compatible for Editor in 0.63 ms, found 1 plugins.
Preloading 0 native plugins for Editor in 0.00 ms.
Unloading 2158 Unused Serialized files (Serialized files now loaded: 0)
System memory in use before: 101.8 MB.
System memory in use after: 101.9 MB.

Unloading 12 unused Assets to reduce memory usage. Loaded Objects now: 2744.
Total: 3.538800 ms (FindLiveObjects: 0.287500 ms CreateObjectMapping: 0.145000 ms MarkObjects: 2.948500 ms  DeleteObjects: 0.155900 ms)

========================================================================
Received Prepare
Registering precompiled user dll's ...
Registered in 0.001633 seconds.
Begin MonoManager ReloadAssembly
Native extension for WindowsStandalone target not found
Native extension for WebGL target not found
Refreshing native plugins compatible for Editor in 0.69 ms, found 1 plugins.
Preloading 0 native plugins for Editor in 0.00 ms.
Invoked RoslynAnalysisRunner static constructor.
RoslynAnalysisRunner will not be running.
RoslynAnalysisRunner has terminated.
Mono: successfully reloaded assembly
- Completed reload, in  1.479 seconds
Platform modules already initialized, skipping
Refreshing native plugins compatible for Editor in 0.69 ms, found 1 plugins.
Preloading 0 native plugins for Editor in 0.00 ms.
Unloading 2158 Unused Serialized files (Serialized files now loaded: 0)
System memory in use before: 101.8 MB.
System memory in use after: 101.9 MB.

Unloading 12 unused Assets to reduce memory usage. Loaded Objects now: 2748.
Total: 5.432600 ms (FindLiveObjects: 0.492400 ms CreateObjectMapping: 0.155000 ms MarkObjects: 4.552100 ms  DeleteObjects: 0.230500 ms)

AssetImportWorkerClient::OnTransportError - code=2 error=End of file
